19:05:11 INFO =======================================================
19:05:11 INFO BuscaCNPJ.work — Ampliar Seeds
19:05:11 INFO Já no banco  : 463 CNPJs
19:05:11 INFO Meta novos   : 2000 CNPJs
19:05:11 INFO =======================================================
19:05:12 INFO [+1 | total 464] ✅  01082340000171 — POOL PARTY PISCINAS — PAROBE/RS
19:05:12 INFO [+2 | total 465] ✅  30050790000180 — SUPER DOGS — MOGI DAS CRUZES/SP
19:05:12 INFO [+3 | total 466] ✅  05283727000147 — ITRACRIL RESINAS — CAXAMBU/MG
19:05:12 INFO [+4 | total 467] ✅  13085678000166 — SOLUS COMERCIO E SERVICOS — RIO BRANCO/AC
19:05:12 INFO [+5 | total 468] ✅  63369255000146 — 63.369.255 ROBERTO CARLOS FERREIRA — VOTUPORANGA/SP
19:05:13 INFO [+6 | total 469] ✅  19007824000111 — CLEO VIEIRA CONSTRUTORA — ARROIO DO SAL/RS
19:05:13 INFO [+7 | total 470] ✅  06887993000141 — C G SERIGRAFIA — APUCARANA/PR
19:05:13 INFO [+8 | total 471] ✅  05298828000191 — TAIS — PRESIDENTE EPITACIO/SP
19:05:13 INFO [+9 | total 472] ✅  03171958000133 — ASSOCIACAO DOS MORADORES DO BAIRRO  — APARECIDA DE GOIANIA/GO
19:05:14 INFO [+10 | total 473] ✅  13702578000131 — RIGCO INTERNATIONAL DO BRASIL IMPOR — RIO DE JANEIRO/RJ
19:05:14 INFO [+11 | total 474] ✅  02234461000154 — LUZIEL FURTADO — ENCANTO/RN
19:05:15 INFO [+12 | total 475] ✅  12884163000163 — JOELIZIA FERREIRA DE SANTANA LOUREN — NOVA IGUACU/RJ
19:05:15 INFO [+13 | total 476] ✅  11360127000138 — J. R. TURATI SERVICOS DE TELEFONIA  — FLORIANOPOLIS/SC
19:05:15 INFO [+14 | total 477] ✅  14550528000149 — ADRIANA DA SILVA BORGES 07781485998 — SAO JOSE DOS PINHAIS/PR
19:05:15 INFO [+15 | total 478] ✅  10309233000124 — CANTINHO DO PET — SAO JOSE DOS PINHAIS/PR
19:05:15 INFO [+16 | total 479] ✅  05136686000166 — ROTISSERIA DA NONA GIOVANNINA — VINHEDO/SP
19:05:15 INFO [+17 | total 480] ✅  08178433000143 — LEVI ALVES DE VASCONCELOS — SALGUEIRO/PE
19:05:16 INFO [+18 | total 481] ✅  06816111000157 — ELEICOES 2004 CF - MANHUMIRIM - MG  — MANHUMIRIM/MG
19:05:16 INFO [+19 | total 482] ✅  08015546000128 — MILTON TEIXEIRA DA COSTA — SAO PAULO/SP
19:05:16 INFO [+20 | total 483] ✅  04757993000100 — OFICINA IRAPURU — BELEM/PA
19:05:16 INFO [+21 | total 484] ✅  11178056000157 — ARTHEMIA PARTICIPACOES S.A. — SAO PAULO/SP
19:05:17 INFO [+22 | total 485] ✅  15137674000100 — MARIA CELIA BEZERRA COBRAS 80875955 — BREU BRANCO/PA
19:05:17 INFO [+23 | total 486] ✅  06972474000181 — PORTAB CONSTRUCOES LTDA — ARARUAMA/RJ
19:05:17 INFO [+24 | total 487] ✅  14874354000170 — NUNES METAIS — SAO PAULO/SP
19:05:17 INFO [+25 | total 488] ✅  04965446000101 — ALBABETO — IPATINGA/MG
19:05:17 INFO [+26 | total 489] ✅  08226308000161 — WOZNIAK COSMETICOS PROFISSIONAIS — CURITIBA/PR
19:05:17 INFO [+27 | total 490] ✅  15315913000174 — EDONE GONZAGA SANTANA 03407662556 — CAMACARI/BA
19:05:18 INFO [+28 | total 491] ✅  07140979000142 — LOCKHEED MARTIN CORPORATION MASTER  — EXTERIOR/EX
19:05:18 INFO [+29 | total 492] ✅  09428400000177 — PANIFICADORA BOA SORTE — SANTA RITA/PB
19:05:18 INFO [+30 | total 493] ✅  13406015000104 — MUNDIAL EVENTOS — SAO JOSE DOS CAMPOS/SP
19:05:19 INFO [+31 | total 494] ✅  29735389000103 — CASA DE CARNES BOI NOBRE — ANAPOLIS/GO
19:05:19 INFO [+32 | total 495] ✅  19730461000148 — GISELE APARECIDA PENHA 22805450809 — MATAO/SP
19:05:19 INFO [+33 | total 496] ✅  04313488000168 — DIORAMA TECNICA EM GALVANIZACAO — ITAQUAQUECETUBA/SP
19:05:20 INFO [+34 | total 497] ✅  02230100000130 — ARMAZEM SANTO ANTONIO — RIO VERDE/GO
19:05:20 INFO [+35 | total 498] ✅  15878017000113 — ELEICAO 2012 MARCOS DOS SANTOS VERE — SAO PEDRO DO PARANA/PR
19:05:20 INFO [+36 | total 499] ✅  02612294000138 — CONDOMINIO DO EDIFICIO BOM JESUS — RIO DE JANEIRO/RJ
19:05:21 INFO [+37 | total 500] ✅  13693001000100 — K D CLINICA DE FISIOTERAPIA LTDA — SAO PAULO/SP
19:05:21 INFO [+38 | total 501] ✅  18488745000107 — AMB REPAROS — SAO JOSE DOS PINHAIS/PR
19:05:21 INFO [+39 | total 502] ✅  07088276000112 — EDIFICIO CANDIDO THOME — RIO DE JANEIRO/RJ
19:05:21 INFO [+40 | total 503] ✅  04355076000190 — CICERO DA SILVA PRADO ITAPURA — ITAPURA/SP
19:05:21 INFO [+41 | total 504] ✅  09309682000193 — MERILUCI APARECIDA MIRANDA FURLAN E — OLIMPIA/SP
19:05:22 INFO [+42 | total 505] ✅  21215757000172 — ALLEGRO BAMBINI — SAO PAULO/SP
19:05:22 INFO [+43 | total 506] ✅  18749560000109 — LANCHONETE & DOGUERIA DA DRY — FRANCA/SP
19:05:22 INFO [+44 | total 507] ✅  13366424000116 — MAXIELE DA CRUZ 96227290610 — ITAPIRA/SP
19:05:22 INFO [+45 | total 508] ✅  05464276000144 — TENDAMAQ TENDA DAS MAQUINAS PARA ES — FORTALEZA/CE
19:05:22 INFO [+46 | total 509] ✅  02976920000175 — AJSC COMERCIAL LTDA — BOM JESUS DO AMPARO/MG
19:05:22 INFO [+47 | total 510] ✅  10436249000106 — UPPER — SAO LUIS/MA
19:05:23 INFO [+48 | total 511] ✅  07961421000128 — FRANTIENE CRUZ DE OLIVEIRA — SALVADOR/BA
19:05:23 INFO [+49 | total 512] ✅  06979029000143 — EDUARDO JORGE DA SILVA - MAQUINAS — CAMPINAS/SP
19:05:24 INFO [+50 | total 513] ✅  19046392000158 — JAIR JOAO POLI JUNIOR 06387816980 — BRUSQUE/SC
19:05:24 INFO     💾 Salvo — 513 total
19:05:24 INFO [+51 | total 514] ✅  20106656000109 — NOSSO BAR — BELO HORIZONTE/MG
19:05:24 INFO [+52 | total 515] ✅  16221473000159 — ELEICAO 2012 JURANDIR PINHEIRO DOS  — CAPIVARI/SP
19:05:24 INFO [+53 | total 516] ✅  04384418000109 — ANAFREIOS AUTO PECAS E BATERIAS — PIMENTA BUENO/RO
19:05:24 INFO [+54 | total 517] ✅  08291069000123 — GUAIMBE — INUBIA PAULISTA/SP
19:05:24 INFO [+55 | total 518] ✅  29480648000194 — MINIONS E ALEGRIA — ITAJAI/SC
19:05:25 INFO [+56 | total 519] ✅  08848279000170 — RENOVART MOVEIS ARTEZANAIS — GOIANIA/GO
19:05:25 INFO [+57 | total 520] ✅  07998948000127 — BLAECK LABEL ROCK BAR — IJUI/RS
19:05:25 INFO [+58 | total 521] ✅  02042332000164 — C & C INFORMATICA S/C LTDA — HORTOLANDIA/SP
19:05:25 INFO [+59 | total 522] ✅  01045184000179 — ARTE&COSTURA — CUIABA/MT
19:05:26 INFO [+60 | total 523] ✅  06100691000181 — FUNDACAO ACIDENTE ZERO — VITORIA/ES
19:05:26 INFO [+61 | total 524] ✅  18976435000131 — DRICA'S MODA FASHION — RIO DE JANEIRO/RJ
19:05:26 INFO [+62 | total 525] ✅  83566133000157 — TORRE EMPREENDIMENTOS LTDA — FLORIANOPOLIS/SC
19:05:26 INFO [+63 | total 526] ✅  08571689000116 — SO REDES — NATAL/RN
19:05:27 INFO [+64 | total 527] ✅  04564427000173 — WALTER FAGIOLI & CIA.LTDA. — SAO JOSE DO RIO PARDO/SP
19:05:27 INFO [+65 | total 528] ✅  20947950000135 — CLAIR AUGUSTA DA SILVA 07854044813 — CAMPINAS/SP
19:05:27 INFO [+66 | total 529] ✅  06276626000101 — MARTH FERRAMENTAS LTDA — CACHOEIRINHA/RS
19:05:28 INFO [+67 | total 530] ✅  01099511000175 — VISUAL BYTE — SAO VICENTE/SP
19:05:28 INFO [+68 | total 531] ✅  01454316000116 — CRISTAL PRESENTES — SAO VICENTE/SP
19:05:28 INFO [+69 | total 532] ✅  11066747000169 — RADIO CULTURA — ANAPOLIS/GO
19:05:28 INFO [+70 | total 533] ✅  08899328000101 — PAGANO TRANSPORTE E LOGISTICA LTDA — RIO BONITO/RJ
19:05:28 INFO [+71 | total 534] ✅  06980658000193 — CONCEITO PLINI — SANTOS/SP
19:05:29 INFO [+72 | total 535] ✅  06447636000162 — ELEICOES 2004 - MARIO CELSO PUGLIEL — CURITIBA/PR
19:05:29 INFO [+73 | total 536] ✅  10413129000185 — MG CAR — LIMEIRA/SP
19:05:29 INFO [+74 | total 537] ✅  09190698000120 — EVOLUTION TRANSPORTES EXECUTIVOS — VINHEDO/SP
19:05:29 INFO [+75 | total 538] ✅  19674697000104 — GILSON ANTONIO DOS SANTOS 011684783 — OSASCO/SP
19:05:30 INFO [+76 | total 539] ✅  09635979000149 — JEFFERSON DE FARIA — CACAPAVA/SP
19:05:30 INFO [+77 | total 540] ✅  08180231000136 — GERALDO LOURENCO DOS SANTOS E OUTRA — ITABERA/SP
19:05:30 INFO [+78 | total 541] ✅  05585849000198 — ROLIMGUARDA VIGILANCIA — CACOAL/RO
19:05:31 INFO [+79 | total 542] ✅  05751807000180 — POINT BEER — BALNEARIO CAMBORIU/SC
19:05:31 INFO [+80 | total 543] ✅  07237297000152 — 07.237.297 SIDE FRANCISCO DOS SANTO — CENTRAL/BA
19:05:31 INFO [+81 | total 544] ✅  07531136000177 — FABIANO CARDOZO DE FARIA — ARARAQUARA/SP
19:05:31 INFO [+82 | total 545] ✅  03855438000140 — CARMINDA - PADARIA E CONFEITARIA LT — SAO JOAO DE MERITI/RJ
19:05:32 INFO [+83 | total 546] ✅  06731787000148 — ELEICOES 2004 - EDELVANIO NUNES TOP — SAO JOAQUIM/SC
19:05:32 INFO [+84 | total 547] ✅  05030809000180 — MADEIREIRA ARARAPA — FELIZ NATAL/MT
19:05:32 INFO [+85 | total 548] ✅  14645806000141 — SHEILA REGINA DA SILVA 43206827850 — SAO JOSE DOS CAMPOS/SP
19:05:32 INFO [+86 | total 549] ✅  01363026000167 — CHARANGA AUTO PECAS — JOAO PESSOA/PB
19:05:32 INFO [+87 | total 550] ✅  19247927000159 — VALDINEIA DE FATIMA MORGADO DA SILV — CERQUILHO/SP
19:05:53 INFO [+88 | total 551] ✅  13516224000100 — ARMARINHO SANTO ANTONIO — ALAGOINHAS/BA
19:05:53 INFO [+89 | total 552] ✅  17861887000105 — C M MATERIAIS DE CONSTRUCAO — ANASTACIO/MS
19:05:53 INFO [+90 | total 553] ✅  19681187000164 — CASA DA ESFIHA — FRUTAL/MG
19:05:54 INFO [+91 | total 554] ✅  16345063000110 — ELEICAO 2012 COMITE FINANCEIRO SC U — BRACO DO NORTE/SC
19:05:54 INFO [+92 | total 555] ✅  11946568000116 — URANIO OLIVEIRA MILTON 00341161500 — TEIXEIRA DE FREITAS/BA
19:05:54 INFO [+93 | total 556] ✅  12538899000180 — SERGIO TULIO MAGALHAES SOUSA 602887 — ANAPOLIS/GO
19:06:14 INFO [+94 | total 557] ✅  05262033000123 — PRIMICIA PRODUTOS DE LIMPEZA — GOIANIA/GO
19:06:14 INFO [+95 | total 558] ✅  13383382000121 — Y & F ALIMENTOS — EUSEBIO/CE
19:06:15 INFO [+96 | total 559] ✅  13969049000107 — DEBORA LOPES BASSO & CIA LTDA — ORTIGUEIRA/PR
19:06:15 INFO [+97 | total 560] ✅  10100348000104 — ELEICAO 2008 JAFLETSON ADRIANO SOAR — CORACAO DE JESUS/MG
19:06:15 INFO [+98 | total 561] ✅  17722420000184 — DROGARIA SANTA IZABEL — IPUBI/PE
19:06:16 INFO [+99 | total 562] ✅  01320015000108 — FARMACIA A SAUDE — PATO BRAGADO/PR
19:06:16 INFO [+100 | total 563] ✅  13366982000181 — VISA FARMA — BRASILIA/DF
19:06:16 INFO     💾 Salvo — 563 total
19:06:16 INFO [+101 | total 564] ✅  14290580000103 — REPRESENTACOES COMERCIAIS PADILHA L — CACHOEIRINHA/RS
19:06:16 INFO [+102 | total 565] ✅  27226273000105 — MERCEARIA CANTINHO DA XANDOCA LTDA — RIO DE JANEIRO/RJ
19:06:16 INFO [+103 | total 566] ✅  26063277000157 — YOUR TIME EVENTS — RIO DE JANEIRO/RJ
19:06:16 INFO [+104 | total 567] ✅  06489891000178 — ELEICOES 2004 - MOACI JARDIM DE OLI — ITAMBACURI/MG
19:06:17 INFO [+105 | total 568] ✅  07302738000152 — ANA MARIA DANTAS FIGUEIREDO — MILAGRES/CE
19:06:17 INFO [+106 | total 569] ✅  05061115000100 — COMERCIAL R H ARAUJO — SAO GONCALO DO AMARANTE/CE
19:06:17 INFO [+107 | total 570] ✅  05106441000196 — AJO LINGUISTICS - ASSESSORIA EMPRES — RIO DE JANEIRO/RJ
19:06:17 INFO [+108 | total 571] ✅  10929813000114 — PM2 HOLDING S.A. — SAO PAULO/SP
19:06:17 INFO [+109 | total 572] ✅  09713117000197 — ELEICAO 2008 VALDECIR GAHIO VEREADO — IRATI/SC
19:06:18 INFO [+110 | total 573] ✅  03360073000182 — INDIRA GUIMARAES LTDA. — FORTALEZA/CE
19:06:18 INFO [+111 | total 574] ✅  56582030000108 — 56.582.030 NILTON SANTOS BRAZ SOUZA — NOVA FRIBURGO/RJ
19:06:18 INFO [+112 | total 575] ✅  07054053000134 — LANCHONETE SCOOBY — ANTONINA/PR
19:06:18 INFO [+113 | total 576] ✅  10002196000107 — ELEICAO 2008 JOSE FERNANDO VIEIRA D — EDEIA/GO
19:06:18 INFO [+114 | total 577] ✅  10155063000170 — ELEICAO 2008 COMITE FINANCEIRO MUNI — UNA/BA
19:06:19 INFO [+115 | total 578] ✅  02907685000180 — POPPE REPRESENTACOES LTDA — CAMPOS DOS GOYTACAZES/RJ
19:06:19 INFO [+116 | total 579] ✅  06182336000107 — ISABELY MODAS — CARIACICA/ES
19:06:19 INFO [+117 | total 580] ✅  29420540000106 — FERNANDO LUIZ MOSER 06343410902 — BALNEARIO BARRA DO SUL/SC
19:06:20 INFO [+118 | total 581] ✅  03544553000101 — SOUZA ASSESSORIA — SALVADOR/BA
19:06:21 INFO [+119 | total 582] ✅  06582607000103 — ELEICOES 2004 - ISAIAS FIRMINO DA S — CARPINA/PE
19:06:21 INFO [+120 | total 583] ✅  06865327000102 — ADCSC — SAO FRANCISCO DO PARA/PA
19:06:21 INFO [+121 | total 584] ✅  14590729000170 — TOUCH WATCHES — RECIFE/PE
19:06:21 INFO [+122 | total 585] ✅  07614745000190 — BRENO — CAPAO DO LEAO/RS
19:06:22 INFO [+123 | total 586] ✅  24147249000192 — ROSANE FATIMA BARBOSA DA SILVA 0042 — PETROPOLIS/RJ
19:06:22 INFO [+124 | total 587] ✅  07884417000103 — L&F METAIS — LIMEIRA/SP
19:06:22 INFO [+125 | total 588] ✅  12522126000105 — TIA DENISE — VILA VELHA/ES
19:06:23 INFO [+126 | total 589] ✅  12881229000161 — 12.881.229 GENESIA DO ROSARIO OLIVE — PIRES DO RIO/GO
19:06:23 INFO [+127 | total 590] ✅  16717950000171 — LW REPRESENTACOES COMERCIAIS LTDA — SANTA ROSA/RS
19:06:23 INFO [+128 | total 591] ✅  22985798000100 — ROBERTO GOMES DA SILVA 03591153494 — OLINDA/PE
19:06:23 INFO [+129 | total 592] ✅  10090832000108 — ELEICAO 2008 BENEDITO VIEIRA PINTO  — ITATINGA/SP
19:06:23 INFO [+130 | total 593] ✅  04664013000116 — JARDIM DAS FLORES — SALVADOR/BA
19:06:23 INFO [+131 | total 594] ✅  09430840000169 — MARIO ROSA LEITE E OUTRA — GUAPIACU/SP
19:06:24 INFO [+132 | total 595] ✅  07945894000131 — CIBERNETICA -AUTOMACAO E AUDIO — CURITIBA/PR
19:06:24 INFO [+133 | total 596] ✅  15328708000143 — ENGICON — SAO PAULO/SP
19:06:25 INFO [+134 | total 597] ✅  09487551000104 — NANNY STYLUS — SALTO VELOSO/SC
19:06:25 INFO [+135 | total 598] ✅  04299482000183 — CONDOMINIO AMAPORA — CURITIBA/PR
19:06:25 INFO [+136 | total 599] ✅  04776515000139 — CONPET CONSULTORIA E SERVICOS ESPEC — MOSSORO/RN
19:06:25 INFO [+137 | total 600] ✅  14184805000147 — CHURRASCARIA SABOR DO SUL — RIO BRANCO/AC
19:06:25 INFO [+138 | total 601] ✅  05146015000186 — DROGARIA RAQUEL — BRASILIA/DF
19:06:26 INFO [+139 | total 602] ✅  09733587000112 — ELEICAO 2008 MARIA LUCIA RODRIGUES  — TERRA RICA/PR
19:06:26 INFO [+140 | total 603] ✅  06246364000132 — MOLINOS — SAO PAULO/SP
19:06:26 INFO [+141 | total 604] ✅  29339971000142 — FTORQUATO STUDIO — SAO PAULO/SP
19:06:26 INFO [+142 | total 605] ✅  19010278000178 — ENERGIZA - MANUTENCOES E INSTALACOE — JABOTI/PR
19:06:27 INFO [+143 | total 606] ✅  27415732000107 — KAREN CRISTINA NOGUEIRA 12222069602 — LAGOA SANTA/MG
19:06:27 INFO [+144 | total 607] ✅  08794212000108 — LEGALIZA ASSESSORIA EMPRESARIAL — SAO PAULO/SP
19:06:27 INFO [+145 | total 608] ✅  15522179000114 — RENATA SANTOS FREITAS 01281314544 — SALVADOR/BA
19:06:27 INFO [+146 | total 609] ✅  03173299000174 — D R R S SISTEMAS — OSASCO/SP
19:06:28 INFO [+147 | total 610] ✅  65118128000108 — 65.118.128 FLAVIA DANIELE DA SILVA — BAURU/SP
19:06:28 INFO [+148 | total 611] ✅  08952225000150 — CLUBE AQUATICO HORIZONTE — DOM AQUINO/MT
19:06:28 INFO [+149 | total 612] ✅  05739880000136 — TRANS SAVARIS LTDA — BOA ESPERANCA DO IGUACU/PR
19:06:28 INFO [+150 | total 613] ✅  03438229000109 — FEC — NITEROI/RJ
19:06:28 INFO     💾 Salvo — 613 total
19:06:29 INFO [+151 | total 614] ✅  27776266000187 — 27.776.266 LUCAS VIEIRA MORAES — SAO PAULO/SP
19:06:29 INFO [+152 | total 615] ✅  07103033000106 — SULTRACTOR COMERCIO DE PECAS PARA T — SAO JOSE/SC
19:06:29 INFO [+153 | total 616] ✅  11694123000196 — FRANCISCA IRACEMA DA SILVA 44736100 — FORTALEZA/CE
19:06:30 INFO [+154 | total 617] ✅  07089266000100 — MERCEARIA RODRIGUES — MANHUACU/MG
19:06:30 INFO [+155 | total 618] ✅  05426154000163 — PROTEC BLINDAGENS E SERVICOS LTDA — SAO PAULO/SP
19:06:30 INFO [+156 | total 619] ✅  01594627000180 — LOGIC WAY TECHNOLOGY LTDA — SAO PAULO/SP
19:06:30 INFO [+157 | total 620] ✅  10201884000104 — AMON — PRAIA GRANDE/SP
19:06:30 INFO [+158 | total 621] ✅  15028570000167 — JOELMA BARRETO VIEIRA PEREIRA 95784 — SALVADOR/BA
19:06:30 INFO [+159 | total 622] ✅  18843445000107 — PONTO PATAS PET SHOP — SAO JOSE DOS CAMPOS/SP
19:06:31 INFO [+160 | total 623] ✅  01302153000156 — LOJINHA DA DINDA — VALPARAISO DE GOIAS/GO
19:06:31 INFO [+161 | total 624] ✅  16388106000144 — ELEICAO 2012 EMANOEL CARDOSO DE ALB — QUEBRANGULO/AL
19:06:31 INFO [+162 | total 625] ✅  03948204000147 — USINA DE EVENTOS LTDA. — CASCAVEL/PR
19:06:31 INFO [+163 | total 626] ✅  12051769000118 — P CASTRO CONFECCOES — TERESINA/PI
19:06:32 INFO [+164 | total 627] ✅  07775025000106 — SBE FISIOTERAPIA — RIO DE JANEIRO/RJ
19:06:32 INFO [+165 | total 628] ✅  11336044000103 — PORTO CONFECCOES LTDA — PORTO FELIZ/SP
19:06:32 INFO [+166 | total 629] ✅  12156638000103 — KAST DESIGN LTDA — SANTANA DE PARNAIBA/SP
19:06:32 INFO [+167 | total 630] ✅  10083176000108 — ELEICAO 2008 CARLOS ROBERTO DE CAST — PIAU/MG
19:06:32 INFO [+168 | total 631] ✅  05798438000180 — LULIWEB INFORMATICA LTDA — MAGE/RJ
19:06:33 INFO [+169 | total 632] ✅  06613308000199 — ELEICOES 2004 - JOSE ALBERTO COSTA  — SOLEDADE/PB
19:06:33 INFO [+170 | total 633] ✅  12766372000102 — SARA DENISE SONZA MINUZZI 698963300 — JAGUARI/RS
19:06:33 INFO [+171 | total 634] ✅  13269080000127 — ALEXANDRE PEDRO DA SILVA 1421267586 — PIRACAIA/SP
19:06:34 INFO [+172 | total 635] ✅  01432922000130 — STC SERVICO TECNICO DE CONSULTORIA  — RIO GRANDE/RS
19:06:34 INFO [+173 | total 636] ✅  02716524000109 — P.C.B. ENGENHARIA COMERCIAL LTDA — JUATUBA/MG
19:06:34 INFO [+174 | total 637] ✅  05238055000158 — EDILCE INES BERTONCELLO — RONDA ALTA/RS
19:06:34 INFO [+175 | total 638] ✅  09993741000195 — ELEICAO 2008 PAULO ROBERTO SOARES D — LOURDES/SP
19:06:34 INFO [+176 | total 639] ✅  15198726000158 — FLAVIA ALVES MATOS 06835011785 — RIO DE JANEIRO/RJ
19:06:35 INFO [+177 | total 640] ✅  14293208000150 — FAST DRINK — SAO PAULO/SP
19:06:35 INFO [+178 | total 641] ✅  05401792000120 — RONIX — RECIFE/PE
19:06:36 INFO [+179 | total 642] ✅  14823820000198 — NOEMIA LEMES BORGES SCHAFHAUSER 988 — RIO NEGRO/PR
19:06:36 INFO [+180 | total 643] ✅  14840095000166 — AILTON PENHA PEREIRA 02319240705 — NITEROI/RJ
19:06:36 INFO [+181 | total 644] ✅  23413443000100 — EURICO CARLOS MELO DA SILVA 5060256 — PONTA PORA/MS
19:06:37 INFO [+182 | total 645] ✅  02729990000129 — ADRIANO LOPES RIBEIRO — SAO PAULO/SP
19:06:37 INFO [+183 | total 646] ✅  02202719000130 — CRIATIVE GRAPHIC DESIGN SINALIZACAO — JOAO PESSOA/PB
19:06:37 INFO [+184 | total 647] ✅  04385241000157 — COMERCIO DE ARMARINHOS SANTA CARMEM — CACOAL/RO
19:06:57 INFO [+185 | total 648] ✅  14367816000162 — VILMAR GONCALVES NASCIMENTO 0914477 — NOVO ORIENTE DE MINAS/MG
19:06:58 INFO [+186 | total 649] ✅  07541159000162 — REFRIGERACAO PAULISTA — DRACENA/SP
19:06:58 INFO [+187 | total 650] ✅  10521769000109 — TERRA DO SOL DISTRIBUIDORA DE FLORE — FORTALEZA/CE
19:06:58 INFO [+188 | total 651] ✅  16208711000196 — ELEICAO 2012 JOEL RIBEIRO VEREADOR — SANTA CECILIA/SC
19:06:59 INFO [+189 | total 652] ✅  01996253000120 — EMPREITEIRA ALVES — DOM BOSCO/MG
19:07:20 INFO [+190 | total 653] ✅  04389270000197 — NEUSA BERNARDES — DESCALVADO/SP
19:07:20 INFO [+191 | total 654] ✅  08942016000125 — JANE BERNARDES HALLAGE — MOGI DAS CRUZES/SP
19:07:20 INFO [+192 | total 655] ✅  07214185000186 — THUTHUCAS MODAS — RIO DE JANEIRO/RJ
19:07:21 INFO [+193 | total 656] ✅  07112897000194 — TUCA SOM PROPAGANDA E PUBLICIDADES — SORRISO/MT
19:07:21 INFO [+194 | total 657] ✅  10041991000104 — ELEICAO 2008 NERI FERREIRA LOPES VE — ENCRUZILHADA DO SUL/RS
19:07:21 INFO [+195 | total 658] ✅  17204469000145 — ANDERSON BARBOSA DA CUNHA 037915587 — VOLTA REDONDA/RJ
19:07:22 INFO [+196 | total 659] ✅  05577882000176 — PANIFICADORA BIANGULO — GOIANIA/GO
19:07:22 INFO [+197 | total 660] ✅  02835717000189 — ACOUGUE DA NEIA — PINHALZINHO/SP
19:07:22 INFO [+198 | total 661] ✅  09598919000101 — AUFUPAR — CURITIBA/PR
19:07:22 INFO [+199 | total 662] ✅  10567301000155 — MILENIUNS IMPORTADOS — CONCEICAO DO ARAGUAIA/PA
19:07:22 INFO [+200 | total 663] ✅  05926639000116 — LAJES PRE MOLDADAS GEVAR — PORTO VELHO/RO
19:07:22 INFO     💾 Salvo — 663 total
19:07:23 INFO [+201 | total 664] ✅  05509818000158 — DROGARIA FARMACONTI — CAPIVARI DE BAIXO/SC
19:07:23 INFO [+202 | total 665] ✅  06641362000148 — ELEICOES 2004 - PAULO ROBERTO DO NA — PORTO MURTINHO/MS
19:07:24 INFO [+203 | total 666] ✅  01595865000100 — CSV - BENETECH BRASIL — SERRA/ES
19:07:24 INFO [+204 | total 667] ✅  08805594000110 — AMILTON AUTO PECAS LTDA — MAFRA/SC
19:07:24 INFO [+205 | total 668] ✅  01013910000171 — KREDI FACTORING FOMENTO MERCANTIL L — CAMPINA GRANDE/PB
19:07:24 INFO [+206 | total 669] ✅  08675792000106 — TECNOLOGICA TELECOMUNICACOES LTDA — RIO DE JANEIRO/RJ
19:07:24 INFO [+207 | total 670] ✅  17362542000107 — BAR SAO GERALDO — OURO PRETO/MG
19:07:24 INFO [+208 | total 671] ✅  11734121000183 — NIVALDO ROBERTO NAPPI E OUTRA — ARIRANHA/SP
19:07:25 INFO [+209 | total 672] ✅  02684798000163 — BARBOSA E SIQUEIRA CABELEIREIROS LT — RIO DE JANEIRO/RJ
19:07:25 INFO [+210 | total 673] ✅  17221212000100 — JOCILENE DONIZETI CAVALETTI 2889724 — SAO PAULO/SP
19:07:26 INFO [+211 | total 674] ✅  19482143000105 — ELETRO-SEG ELETRICA E SEGURANCA ELE — RIO DAS OSTRAS/RJ
19:07:26 INFO [+212 | total 675] ✅  25738566000146 — ELEICAO 2016 LUCIANA APARECIDA CHIA — JAU/SP
19:07:27 INFO [+213 | total 676] ✅  13873670000164 — CALIPPI REPRESENTACAO COMERCIAL DE  — SAO PAULO/SP
19:07:27 INFO [+214 | total 677] ✅  02329877000156 — ASSOCIACAO DO SHOPPING POPULAR AMBU — RIO DE JANEIRO/RJ
19:07:27 INFO [+215 | total 678] ✅  02684077000153 — CLICERO GONZAGA FERREIRA DE MENEZES — CARMO/RJ
19:07:27 INFO [+216 | total 679] ✅  01398536000170 — O BARATAO — FORMOSA/GO
19:07:27 INFO [+217 | total 680] ✅  05472758000146 — PILEK'S DRINK'S — MANAUS/AM
19:07:27 INFO [+218 | total 681] ✅  08320508000189 — SHOW MODAS — SAO DOMINGOS DO ARAGUAIA/PA
19:07:28 INFO [+219 | total 682] ✅  40560506000170 — JOBER COMERCIO DE CONFECCOES E VARI — MAIRINQUE/SP
19:07:28 INFO [+220 | total 683] ✅  08622824000105 — OZICO PEREIRA — BARRA DO TURVO/SP
19:07:28 INFO [+221 | total 684] ✅  05320492000116 — FINDERS COMPANHIA SECURITIZADORA DE — SAO PAULO/SP
19:07:28 INFO [+222 | total 685] ✅  10122790000131 — ELEICAO 2008 FRANCISCO CARLOS DE SO — JAIBA/MG
19:07:29 INFO [+223 | total 686] ✅  16200034000160 — ELEICAO 2012 MARIA ESTER GOMES DE M — GRAVATA/PE
19:07:29 INFO [+224 | total 687] ✅  22414209000134 — LUCIANO MENEZES DE OLIVEIRA 0298278 — UBERLANDIA/MG
19:07:29 INFO [+225 | total 688] ✅  41617405000150 — PEDROSA ADMINISTRATIVO MATINHOS LTD — MATINHOS/PR
19:07:29 INFO [+226 | total 689] ✅  20825853000170 — PAULO ANTONIO DA SILVA 61718556420 — MACAPARANA/PE
19:07:30 INFO [+227 | total 690] ✅  28777611000160 — LDAI — ITAPICURU/BA
19:07:30 INFO [+228 | total 691] ✅  06162445000154 — LANCHES TIA NINA — FOZ DO IGUACU/PR
19:07:31 INFO [+229 | total 692] ✅  05472438000196 — OLVEQ - INDUSTRIA E COMERCIO DE OLE — CASCAVEL/CE
19:07:31 INFO [+230 | total 693] ✅  08173526000185 — WILSON LUIZ GRANUCCI — ITAPOLIS/SP
19:07:31 INFO [+231 | total 694] ✅  09965790000114 — ELEICAO 2008 MARIA DE FATIMA LOUREN — URUACU/GO
19:07:32 INFO [+232 | total 695] ✅  06564219000108 — ELEICOES 2004 - REGINALDO ROCHA - V — PINDORAMA/SP
19:07:32 INFO [+233 | total 696] ✅  09452547000100 — VICK — CRUZ DAS ALMAS/BA
19:07:32 INFO [+234 | total 697] ✅  18250684000145 — KAIONARIA KALINY DA SILVA FONSECA 0 — ASSU/RN
19:07:32 INFO [+235 | total 698] ✅  02261092000199 — ORIENTE DIARIOS OFICIAIS LTDA — BELO HORIZONTE/MG
19:07:33 INFO [+236 | total 699] ✅  02248703000169 — MOTO TAXI JUNIOR — BARRA DO CORDA/MA
19:07:33 INFO [+237 | total 700] ✅  07850144000186 — BAR E MERCEARIA CACULE — CACULE/BA
19:07:34 INFO [+238 | total 701] ✅  09868318000163 — ELEICAO 2008 EDNA AP ASSIS KORPAN V — RONCADOR/PR
19:07:34 INFO [+239 | total 702] ✅  04363175000114 — MOTO TAXI ZONA LESTE S/S LTDA — LONDRINA/PR
19:07:34 INFO [+240 | total 703] ✅  11446681000132 — ALEXANDER ARAUJO FRANCO — UBERLANDIA/MG
19:07:35 INFO [+241 | total 704] ✅  14607369000171 — MARIA ENELITA BATISTA LOPES 0830140 — SAO PAULO/SP
19:07:35 INFO [+242 | total 705] ✅  12677595000101 — ALINE PEREIRA DE ALMEIDA 3793794180 — TABOAO DA SERRA/SP
19:07:36 INFO [+243 | total 706] ✅  06429555000130 — ELEICOES 2004 - MARIA REJANE DA SIL — UNIAO DOS PALMARES/AL
19:07:36 INFO [+244 | total 707] ✅  10213091000105 — RDP EQUIPAMENTOS PNEUMATICOS — CACHOEIRO DE ITAPEMIRIM/ES
19:07:36 INFO [+245 | total 708] ✅  17595046000101 — CETAC — VILA VELHA/ES
19:07:36 INFO [+246 | total 709] ✅  06080941000169 — MARISA CRISTINA VIVIANI — ARARAQUARA/SP
19:07:56 INFO [+247 | total 710] ✅  11327814000151 — JOSEFA GOMES DE OLIVEIRA — TRINDADE/PE
19:07:58 INFO [+248 | total 711] ✅  12633143000110 — HS COMERCIO E SERVICOS DE ALIMENTOS — CRATO/CE
19:07:58 INFO [+249 | total 712] ✅  01011671000110 — CN SERVICOS DE SINALIZACAO PROJ COP — SALVADOR/BA
19:07:58 INFO [+250 | total 713] ✅  19920910000110 — REPMEDIC REPRESENTACOES LTDA — ARARAQUARA/SP
19:07:58 INFO     💾 Salvo — 713 total
19:07:58 INFO [+251 | total 714] ✅  05236438000197 — T F BULCAO — SALVADOR/BA
19:08:19 INFO [+252 | total 715] ✅  13467075000129 — DEODEDIHT GONCALVES DA MATTA 086074 — MACAE/RJ
19:08:20 INFO [+253 | total 716] ✅  16525054000100 — MONICA RIEDEL ZARANZA 00778310396 — FORTALEZA/CE
19:08:20 INFO [+254 | total 717] ✅  03953925000145 — SUL LOUCAS COMERCIO E DISTRIBUICAO — PORTO ALEGRE/RS
19:08:20 INFO [+255 | total 718] ✅  08832471000178 — NOY BRINQUEDOS — CURITIBA/PR
19:08:20 INFO [+256 | total 719] ✅  02734471000159 — ASSOCIACAO EUNICE GONCALVES DOS SAN — PEDRINHAS/SE
19:08:21 INFO [+257 | total 720] ✅  29980375000147 — PRODUTOS DO SERTAO — CAMPO GRANDE/RN
19:08:21 INFO [+258 | total 721] ✅  13894635000121 — LITORAL REFEICOES — SANTOS/SP
19:08:22 INFO [+259 | total 722] ✅  04000720000108 — PROJEC PROJETOS E CONSULTORIA DE EN — FORTALEZA/CE
19:08:23 INFO [+260 | total 723] ✅  06660605000195 — ELEICOES 2004 - CLAUDIO MARIANO FER — BENJAMIN CONSTANT/AM
19:08:23 INFO [+261 | total 724] ✅  14552919000100 — SYM CONSULTORIA RJ — RIO DE JANEIRO/RJ
19:08:23 INFO [+262 | total 725] ✅  07616165000131 — FARMACIA DU PARA — JACUNDA/PA
19:08:24 INFO [+263 | total 726] ✅  16632505000109 — ERICA RAFAELA CARLOS PIRES — ITAPEVI/SP
19:08:24 INFO [+264 | total 727] ✅  08504910000113 — MOSAICO EXPRESS ELETRONICOS — SAO PAULO/SP
19:08:25 INFO [+265 | total 728] ✅  02379797000105 — DIFERENCIAL ASSESSORIA E PRODUCAO D — SANTA MARIA/RS
19:08:25 INFO [+266 | total 729] ✅  05410448000105 — M. J. CORREIA DE ALMEIDA — SANTANA/AP
19:08:26 INFO [+267 | total 730] ✅  02464960000138 — CINFECCOES BRASIL — RIACHAO/MA
19:08:26 INFO [+268 | total 731] ✅  10952951000114 — VICENTE DE MELLO DUARTE E OUTRA — ITATIBA/SP
19:08:26 INFO [+269 | total 732] ✅  53037288000135 — 53.037.288 EDER BATISTA DOS SANTOS — ARAPONGAS/PR
19:08:27 INFO [+270 | total 733] ✅  06383936000125 — ELEICOES 2004 - DJALMA DE FARIA - V — GUARAREMA/SP
19:08:27 INFO [+271 | total 734] ✅  04015462000133 — BAR E LANCHONETE DA NEUSA — LUIZ ALVES/SC
19:08:27 INFO [+272 | total 735] ✅  06616641000151 — ELEICOES 2004 - DALGOMBERTO SOARES  — WANDERLEY/BA
19:08:28 INFO [+273 | total 736] ✅  13380595000108 — JOAO BATISTA FIGUEIREDO 06862421816 — MOGI GUACU/SP
19:08:28 INFO [+274 | total 737] ✅  04260757000175 — WEFIXD OPEN SYSTEMS — NITEROI/RJ
19:08:28 INFO [+275 | total 738] ✅  03369199000118 — DWM CONSULTORIA OFTALMOLOGICA LTDA — SAO PAULO/SP
19:08:29 INFO [+276 | total 739] ✅  06029156000181 — SP FINANCIAMENTOS — CURITIBA/PR
19:08:30 INFO [+277 | total 740] ✅  14729387000126 — MARIA SOCORRO FERREIRA SALES 732374 — MARACANAU/CE
19:08:30 INFO [+278 | total 741] ✅  13466245000150 — ANANIAS SILVA DE PAULA 37085728825 — SAO PAULO/SP
19:08:30 INFO [+279 | total 742] ✅  05736703000104 — MARCIO GAS — SAO PAULO/SP
19:08:31 INFO [+280 | total 743] ✅  22114386000103 — MILENA ZANON RODRIGUES 28901400839 — SAO TOME DAS LETRAS/MG
19:08:31 INFO [+281 | total 744] ✅  13472081000174 — AUTORIO COMERCIO DE VEICULOS — SAO JOSE DO RIO PRETO/SP
19:08:32 INFO [+282 | total 745] ✅  05234190000125 — AFONSO SOARES PRACA BAR — TERESINA/PI
19:08:32 INFO [+283 | total 746] ✅  04847578000139 — A FERRAGISTA — BOTUCATU/SP
19:08:32 INFO [+284 | total 747] ✅  07083399000160 — PIZZARIA BATALHA — NOSSA SENHORA DO SOCORRO/SE
19:08:32 INFO [+285 | total 748] ✅  04494949000146 — V.CANALES & RODRIGUES REPRESENTACOE — MARILIA/SP
19:08:33 INFO [+286 | total 749] ✅  06904305000104 — ELEICOES 2004 - JOSE CELIO RODRIGUE — SANTO ANTONIO DA PLATINA/PR
19:08:34 INFO [+287 | total 750] ✅  03363044000174 — IMAGEM — ANTONIO JOAO/MS
19:08:34 INFO [+288 | total 751] ✅  04394483000107 — ANDREIA ALINE VOGEL SEHN & CIA LTDA — ESTRELA/RS
19:08:34 INFO [+289 | total 752] ✅  18352137000170 — W.A ARTESANATOS — SUMARE/SP
19:08:40 INFO [+290 | total 753] ✅  14787015000156 — LANCHONETE DO VIZINHO — RIO DE JANEIRO/RJ
19:08:41 INFO [+291 | total 754] ✅  05914487000131 — TALENTO DIGITAL COMUNICACAO LTDA — PORTO ALEGRE/RS
19:08:55 INFO [+292 | total 755] ✅  12634650000178 — CRISTIANO BAZANELLI 28348139818 — PIRACICABA/SP
19:08:56 INFO [+293 | total 756] ✅  01557390000168 — INDAL INDUSTRIA DE ALIMENTOS — JARU/RO
19:08:56 INFO [+294 | total 757] ✅  05198519000140 — TRICOLOR DO OIAPOQUE — OIAPOQUE/AP
19:08:56 INFO [+295 | total 758] ✅  41437336000101 — MERCANTIL O DEDE — FORTALEZA/CE
19:09:02 INFO [+296 | total 759] ✅  07255463000143 — SUPER LIS — AGUDO/RS
19:09:02 INFO [+297 | total 760] ✅  18716668000103 — LUCIA MEGA — SEROPEDICA/RJ
19:09:17 INFO [+298 | total 761] ✅  02452401000108 — PIER 101 - EMPREENDIMENTOS, PARTICI — BALNEARIO DE PICARRAS/SC
19:09:18 INFO [+299 | total 762] ✅  12401389000166 — J A R LOPES SERVICOS DE ENGENHARIA  — MACAE/RJ
19:09:18 INFO [+300 | total 763] ✅  07411685000108 — BOITATA — SANTO ANDRE/SP
19:09:18 INFO     💾 Salvo — 763 total
19:09:23 INFO [+301 | total 764] ✅  08047772000190 — AUTC-SL — SAO LUIS/MA
19:09:24 INFO [+302 | total 765] ✅  14752215000173 — ANTONIA DO SOCORRO SAMPAIO DE SOUSA — FORTALEZA/CE
19:09:25 INFO [+303 | total 766] ✅  52047874000106 — POUSADA PIRARUCU — SAO MIGUEL DO ARAGUAIA/GO
19:09:25 INFO [+304 | total 767] ✅  20926880000139 — CENTER ROCHA — PACO DO LUMIAR/MA
19:09:26 INFO [+305 | total 768] ✅  06181869000166 — GH EMPLACAMENTOS — FORTALEZA/CE
19:09:27 INFO [+306 | total 769] ✅  03082415000140 — NM DIAGNOSTICOS MEDICOS — NITEROI/RJ
19:09:27 INFO [+307 | total 770] ✅  21151860000104 — MARICOTAS — TRES LAGOAS/MS
19:09:29 INFO [+308 | total 771] ✅  04489556000144 — BREDOFF TOUR — MONTANHA/ES
19:09:29 INFO [+309 | total 772] ✅  29317799000126 — BAR E MERCEARIA PICO DO MORRO LTDA — TRES RIOS/RJ
19:09:30 INFO [+310 | total 773] ✅  10251210000106 — JULIANA SANCHEZ CONSULTORIA LTDA — SAO PAULO/SP
19:09:32 INFO [+311 | total 774] ✅  12823720000136 — POSTO MODELO — GARANHUNS/PE
19:09:33 INFO [+312 | total 775] ✅  09011139000105 — FERRUSO — CABO DE SANTO AGOSTINHO/PE
19:09:33 INFO [+313 | total 776] ✅  00075965000143 — MERCEARIA RODRIGUES — SANTO ANTONIO DO DESCOBERTO/GO
19:09:34 INFO [+314 | total 777] ✅  08281040000160 — MARIA LINA DE AZEVEDO RESTAURANTE — NATAL/RN
19:09:34 INFO [+315 | total 778] ✅  05421289000136 — CIVAM — MACAPA/AP
19:09:35 INFO [+316 | total 779] ✅  28625810000152 — LETICIA DE SOUZA SANTOS 36725645836 — SAO PAULO/SP
19:09:36 INFO [+317 | total 780] ✅  16907957000156 — ROMULO DA SILVA OLIVEIRA 0875829562 — PATOS DE MINAS/MG
19:09:36 INFO [+318 | total 781] ✅  04547307000168 — DROGARIA SAGRADO CORACAO DE JESUS — JOSE DE FREITAS/PI
19:09:37 INFO [+319 | total 782] ✅  16209889000151 — ELEICAO 2012 VANDERLEI WANDERBRUCK  — GUATAMBU/SC
19:09:38 INFO [+320 | total 783] ✅  08341023000171 — ROSANGELA ARCANJO DE OLIVEIRA — ARARAS/SP
19:09:38 INFO [+321 | total 784] ✅  21366658000191 — ALINE — GUAIRA/PR
19:09:39 INFO [+322 | total 785] ✅  49754371000158 — FAST RIO NOVA OESTE TRANSPORTADORA  — RIO DE JANEIRO/RJ
19:09:40 INFO [+323 | total 786] ✅  09478509000119 — LUNA MAR — RIO DO SUL/SC
19:09:40 INFO [+324 | total 787] ✅  28546045000185 — REGINALDO LIRA SILVA JUNIOR 7854215 — MOSSORO/RN
19:09:40 INFO [+325 | total 788] ✅  06051428000140 — OMEGA MODAS — CONCORDIA/SC
19:09:40 INFO [+326 | total 789] ✅  13173331000175 — SANTA ROSA VEICULOS LTDA — ARACAJU/SE
19:09:40 INFO [+327 | total 790] ✅  01134672000152 — MERCADINHO NOSSA SENHORA DA CONCEIC — FORTALEZA/CE
19:09:40 INFO [+328 | total 791] ✅  13409654000115 — INSTITUTO DA PELE ALPHAVILLE LTDA — BARUERI/SP
19:09:41 INFO [+329 | total 792] ✅  11804148000103 — CARDAN SERVICE DO BRASIL — SIMOES FILHO/BA
19:09:41 INFO [+330 | total 793] ✅  13969492000170 — REINALDO PERES 79567673772 — CAMPINAS/SP
19:09:41 INFO [+331 | total 794] ✅  05388374000140 — SERGIO DALPIAZ — PALOTINA/PR
19:09:41 INFO [+332 | total 795] ✅  18790624000115 — F.J.S PINGA PINGA — SAO PAULO/SP
19:09:42 INFO [+333 | total 796] ✅  32863954000114 — PAN LUCAS — RECIFE/PE
19:09:43 INFO [+334 | total 797] ✅  14003247000176 — A R SERVICOS — SENADOR JOSE PORFIRIO/PA
19:09:43 INFO [+335 | total 798] ✅  13854265000107 — MARIA HELENA BARBOSA DE MORAIS 3053 — RIBEIRAO PIRES/SP
19:09:43 INFO [+336 | total 799] ✅  01390147000106 — LOJAS FM — UBERLANDIA/MG
19:09:43 INFO [+337 | total 800] ✅  09510398000180 — CARLOS EDUARDO SILVA ESILVA — PORTO ALEGRE/RS
19:09:44 INFO [+338 | total 801] ✅  13233993000193 — NORTSEG CORRETORA DE SEGUROS LTDA — CASTANHEIRA/MT
19:09:44 INFO [+339 | total 802] ✅  15186704000178 — MARIA IZABEL HONORIO 70567689620 — SANTA RITA DO SAPUCAI/MG
19:09:44 INFO [+340 | total 803] ✅  04348964000186 — BIFAO CARNES — ARCOS/MG
19:09:44 INFO [+341 | total 804] ✅  08306268000168 — ARGEMIRO BERTINO DE FIGUEIREDO — CAMPINA GRANDE/PB
19:09:45 INFO [+342 | total 805] ✅  06160415000109 — TOK STILO — ALTONIA/PR
19:09:45 INFO [+343 | total 806] ✅  15785526000100 — REGINA CELIA BORGES 46366032149 — GOIANIA/GO
19:09:45 INFO [+344 | total 807] ✅  08801427000109 — ACORDEC — EUCLIDES DA CUNHA/BA
19:09:45 INFO [+345 | total 808] ✅  21537665000109 — LEILA SALGADOS — LEME/SP
19:09:46 INFO [+346 | total 809] ✅  02898167000147 — GUILHERME & NUNES LTDA — PASSO FUNDO/RS
19:09:46 INFO [+347 | total 810] ✅  17451147000109 — SIND TRAB IND CALCADOS B L P C G S  — BELO HORIZONTE/MG
19:09:47 INFO [+348 | total 811] ✅  12168818000105 — ELEICAO 2010 MAURO CESAR GAMA PERES — RIO DE JANEIRO/RJ
19:09:47 INFO [+349 | total 812] ✅  06404169000193 — ELEICOES 2004 - DANILO SILVA - VERE — ITAPETININGA/SP
19:09:47 INFO [+350 | total 813] ✅  02944414000102 — GOLDEN IN CHINA — JOAO PESSOA/PB
19:09:47 INFO     💾 Salvo — 813 total
19:09:47 INFO [+351 | total 814] ✅  13186039000197 — COSTA E SOUSA HORTIFRUTI LTDA — RIO DE JANEIRO/RJ
19:09:47 INFO [+352 | total 815] ✅  13933938000106 — J M V — JUNDIAI/SP
19:09:47 INFO [+353 | total 816] ✅  05374633000183 — LINDA MODAS — UBERABA/MG
19:09:48 INFO [+354 | total 817] ✅  19988250000100 — PAULO SOUSA SANTOS 17156513249 — ARAGUAINA/TO
19:09:48 INFO [+355 | total 818] ✅  06160503000100 — VIA VALENCA COMERCIO DE CALCADOS LT — VALENCA/RJ
19:09:48 INFO [+356 | total 819] ✅  05287570000128 — LAUDECY BERNARDO PEREIRA — CAMPINAS/SP
19:09:48 INFO [+357 | total 820] ✅  21962198000164 — CONGRESE SISTEMAS DE SEGURANCA LTDA — BARIRI/SP
19:09:49 INFO [+358 | total 821] ✅  21579544000120 — CARLO BERTON — CAXIAS DO SUL/RS
19:09:49 INFO [+359 | total 822] ✅  05580274000110 — A.M.MOVEIS E ELETRODOMESTICOS LTDA — URUBICI/SC
19:09:49 INFO [+360 | total 823] ✅  07120512000130 — BRASINHA BIJOUTERIAS E ARMARINHO LT — FORTALEZA/CE
19:09:49 INFO [+361 | total 824] ✅  18348231000156 — JG CLUBE DE BENEFICIOS — PARACAMBI/RJ
19:09:49 INFO [+362 | total 825] ✅  36239143000106 — GRAFFU'S EMPRESAS GRAFICAS — SAO JOAO DE MERITI/RJ
19:09:50 INFO [+363 | total 826] ✅  02614740000143 — NWJ CONSULTORIA GRAFICA LTDA — PINHAIS/PR
19:09:50 INFO [+364 | total 827] ✅  03764765000196 — ANTONIO CARLOS LOPES PADILHA — SOROCABA/SP
19:09:50 INFO [+365 | total 828] ✅  28583578000137 — J PATROCINIO INSTALACOES — SAO JOSE DOS PINHAIS/PR
19:09:51 INFO [+366 | total 829] ✅  20523631000100 — JEAN FELIPE DE ALMEIDA RIOS 3045381 — SAO PAULO/SP
19:09:51 INFO [+367 | total 830] ✅  06712715000153 — FRANCISCO B DE SOUSA — TERESINA/PI
19:09:51 INFO [+368 | total 831] ✅  29344324000129 — GIDEAO DA SILVA DE SOUSA 9583882127 — BRAGANCA/PA
19:09:52 INFO [+369 | total 832] ✅  03627262000179 — RESTAURANTE E PIZZARIA ARCO IRIS — BRASILIA/DF
19:09:52 INFO [+370 | total 833] ✅  22592317000105 — 22.592.317 SILVIA HELENA DA SILVA D — CAUCAIA/CE
19:09:52 INFO [+371 | total 834] ✅  23882545000174 — DIAMANTE - APOIO ADMINISTRATIVO E C — MARINGA/PR
19:09:52 INFO [+372 | total 835] ✅  17317802000122 — HOTEL VILLA DAS TERMAS — PIRATUBA/SC
19:09:53 INFO [+373 | total 836] ✅  08677369000145 — CENTRO DE SOLUCOES TECNOLOGICAS E E — MANAUS/AM
19:09:53 INFO [+374 | total 837] ✅  12667113000124 — ELCIO BRANDAO DA SILVA 57411298549 — FEIRA DE SANTANA/BA
19:09:54 INFO [+375 | total 838] ✅  07307045000152 — PAVAN & BRESSAN LTDA — ARARAS/SP
19:09:54 INFO [+376 | total 839] ✅  06724117000102 — ELEICOES 2004 - CARLOS ANTONIO DE F — SAO GABRIEL/RS
19:09:54 INFO [+377 | total 840] ✅  02058990000144 — CANTINHO DA NOIVA — PETROLINA/PE
19:09:54 INFO [+378 | total 841] ✅  13623722000144 — MARCOS ANTONIO BANFI 57480702604 — BELO HORIZONTE/MG
19:09:54 INFO [+379 | total 842] ✅  26051163000197 — ANDRESSA CRISTINA PEREIRA LOPES 091 — BELO HORIZONTE/MG
19:09:54 INFO [+380 | total 843] ✅  05620409000124 — MERCADINHO DO VITAL — ITABERABA/BA
19:09:55 INFO [+381 | total 844] ✅  07939189000121 — MERCEARIA JARDIM PARANA LTDA — VALINHOS/SP
19:09:55 INFO [+382 | total 845] ✅  10038572000113 — ELEICAO 2008 LUCAS RODRIGUES DOS SA — MORADA NOVA DE MINAS/MG
19:09:55 INFO [+383 | total 846] ✅  54683723000161 — 54.683.723 INGRID NAELLE SOUSA FARI — RIO DE JANEIRO/RJ
19:09:55 INFO [+384 | total 847] ✅  02136735000172 — JARDIM CONSTRUCOES — GUAIBA/RS
19:09:56 INFO [+385 | total 848] ✅  08175022000102 — COLISEU VIDEO LOCADORA LTDA — JUIZ DE FORA/MG
19:09:56 INFO [+386 | total 849] ✅  01926477000165 — MARIZETE BOEIRA — CAXIAS DO SUL/RS
19:09:56 INFO [+387 | total 850] ✅  00198161000131 — CHALE VEICULOS — JOINVILLE/SC
19:10:17 INFO [+388 | total 851] ✅  05971443000143 — CARLOS APARECIDO DE AGUIAR — MOCOCA/SP
19:10:17 INFO [+389 | total 852] ✅  16935076000149 — MAGAZINE DAS UTILIDADES — GOIANIA/GO
19:10:17 INFO [+390 | total 853] ✅  28266344000166 — VIDEO CLUB FLAMENGO LTDA — RIO DE JANEIRO/RJ
19:10:18 INFO [+391 | total 854] ✅  06262290000128 — EUROBOX COMERCIO DE VIDROS LTDA — NITEROI/RJ
19:10:18 INFO [+392 | total 855] ✅  06079574000183 — WOMAN SERVICOS E REPRESENTACOES — SIMOES FILHO/BA
19:10:39 INFO [+393 | total 856] ✅  10233799000110 — A CAMPESINA COMERCIO E REPRESENTACO — BELEM/PA
19:10:39 INFO [+394 | total 857] ✅  10718285000154 — J.L.V. TRANSPORTES — SANTO ANASTACIO/SP
19:10:39 INFO [+395 | total 858] ✅  03568221000159 — DESTILARIA MOTORES — CABO DE SANTO AGOSTINHO/PE
19:10:39 INFO [+396 | total 859] ✅  07132456000154 — CLAUDINEI GOMES DE LARA — PALMEIRA DAS MISSOES/RS
19:10:40 INFO [+397 | total 860] ✅  17541729000178 — BV LOCUCOES — SAO PAULO/SP
19:10:40 INFO [+398 | total 861] ✅  27305512000112 — BEATRIZ ALTAFINI CAVALOTTI — SAO PAULO/SP
19:10:40 INFO [+399 | total 862] ✅  15922511000138 — LOJA DAS NOVIDADES — PONTA PORA/MS
19:10:40 INFO [+400 | total 863] ✅  01031720000187 — DESK INFORMATICA COMERCIO E SERVICO — SAO PAULO/SP
19:10:40 INFO     💾 Salvo — 863 total
19:10:41 INFO [+401 | total 864] ✅  05849945000104 — KASHT JEANS — ITUMBIARA/GO
19:10:41 INFO [+402 | total 865] ✅  16584464000122 — RENAN CHAGAS DOS SANTOS 01515745538 — ITABUNA/BA
19:10:41 INFO [+403 | total 866] ✅  19147540000120 — EUZINETE DIAS PINHEIRO 01342034538 — SAO PAULO/SP
19:10:42 INFO [+404 | total 867] ✅  02047894000109 — ELES VOLTARAM COUNTRY BAR LTDA — PETROPOLIS/RJ
19:10:42 INFO [+405 | total 868] ✅  13926114000109 — MIGROS AST FONDS - AKTIEN AUSLAND - — EXTERIOR/EX
19:10:43 INFO [+406 | total 869] ✅  10369924000113 — ANTONIO H MENDES — SAO LUIS/MA
19:10:43 INFO [+407 | total 870] ✅  10512959000160 — FLORICULTURA DA PRAIA — TRAMANDAI/RS
19:10:43 INFO [+408 | total 871] ✅  11478873000120 — ANALU ARTES — SAO JOAO DEL REI/MG
19:10:44 INFO [+409 | total 872] ✅  17179730000102 — EMPREITEIRA GROSSI LTDA — GOVERNADOR VALADARES/MG
19:10:44 INFO [+410 | total 873] ✅  02078630000104 — CASARAO — ITAQUAQUECETUBA/SP
19:10:45 INFO [+411 | total 874] ✅  09153852000193 — FULL SERVICE — CAPITAO DE CAMPOS/PI
19:10:45 INFO [+412 | total 875] ✅  03962548000100 — EMPORIO DA POSSE DISTRIBUIDORA LTDA — AREAL/RJ
19:10:45 INFO [+413 | total 876] ✅  13769923000154 — TATII LEE SGARBI 02100961101 — GOIANIA/GO
19:10:45 INFO [+414 | total 877] ✅  11452449000107 — GRUPO ORGANIZADO BRINCANDO COM A AR — LAGUNA/SC
19:10:45 INFO [+415 | total 878] ✅  53511977000130 — 53.511.977 RAPHAELA AUGUSTO CRAVEIR — SAO PAULO/SP
19:10:46 INFO [+416 | total 879] ✅  10280518000180 — DAILY CARE FARMACIA — SINOP/MT
19:10:47 INFO [+417 | total 880] ✅  16044071000126 — ELEICAO 2012 NEIVA LOPES MACHADO VE — CAMPO DO MEIO/MG
19:10:47 INFO [+418 | total 881] ✅  15939565000106 — ELEICAO 2012 ROSELI TOME DOS REIS V — SAO BERNARDO DO CAMPO/SP
19:11:07 INFO [+419 | total 882] ✅  07108936000180 — MGTECNIC MONTAGENS E INSTALACOES IN — SAUBARA/BA
19:11:08 INFO [+420 | total 883] ✅  08907812000127 — URALKALI TRADING S/A — EXTERIOR/EX
19:11:08 INFO [+421 | total 884] ✅  95430351000149 — ARMANDO SCHROEDER ARMAZEM — VERA CRUZ/RS
19:11:08 INFO [+422 | total 885] ✅  09483555000106 — GLAMOUR PRESENTES — ITAPEJARA D'OESTE/PR
19:11:09 INFO [+423 | total 886] ✅  12136253000176 — MARACUJA INDUSTRIA E COMERCIO LTDA — BELO HORIZONTE/MG
19:11:30 INFO [+424 | total 887] ✅  05719151000118 — URBANO LTD. — EXTERIOR/EX
19:11:30 INFO [+425 | total 888] ✅  10248828000117 — GILES SERVICOS E TRANSPORTES — SAO PAULO/SP
19:11:30 INFO [+426 | total 889] ✅  06982837000160 — CICLOMOTO PECAS — GOIATUBA/GO
19:11:30 INFO [+427 | total 890] ✅  08946708000141 — THIAGO VIEIRA DA SILVA — GOIANIA/GO
19:11:51 INFO [+428 | total 891] ✅  16666761000117 — EVFILMS — PINHAIS/PR
19:11:51 INFO [+429 | total 892] ✅  46775001000109 — BETY'S PIZZA — SETE LAGOAS/MG
19:11:52 INFO [+430 | total 893] ✅  02853454000130 — ASSISTA VIDEO LOCADORA DE FILMES — SALVADOR/BA
19:11:52 INFO [+431 | total 894] ✅  16724939000139 — PAULO DE ASSIS JAQUES 65386396900 — GUARATUBA/PR
19:11:52 INFO [+432 | total 895] ✅  05337162000133 — LANCHONETE 100 POR 100 PAULISTANA L — SAO PAULO/SP
19:11:52 INFO [+433 | total 896] ✅  27881153000141 — BATISTA RODRIGUES DE SOUSA 75232081 — ALTA FLORESTA/MT
19:11:53 INFO [+434 | total 897] ✅  55402303000122 — 55.402.303 TIAGO FELIPE SILVA SANDO — SARANDI/PR
19:11:53 INFO [+435 | total 898] ✅  03498093000114 — M DA SILVA FREITAS LATICINIOS — RIO DE JANEIRO/RJ
19:11:53 INFO [+436 | total 899] ✅  08163153000161 — NICOLAU OLIVENCIA RODRIGUES — PENAPOLIS/SP
19:11:54 INFO [+437 | total 900] ✅  07892047000156 — WORLD FUEL SERVICES FINANCE COMPANY — EXTERIOR/EX
19:11:54 INFO [+438 | total 901] ✅  05570060000163 — MERCADINHO CESTA CHEIA LTDA — MACEIO/AL
19:11:54 INFO [+439 | total 902] ✅  21919581000130 — JOSE BALLESTER JULIAN JUNIOR 997855 — SERRA/ES
19:11:55 INFO [+440 | total 903] ✅  14996340000129 — ADRIANO DE CASTRO SILVA 01857785347 — PEDREIRAS/MA
19:11:55 INFO [+441 | total 904] ✅  04534235000114 — CORRETORA DE SEGUROS DOIS IRMAOS LT — DOIS IRMAOS/RS
19:11:55 INFO [+442 | total 905] ✅  05561015000142 — JOAO C DE OLIVEIRA BAR — SAO BENTO DO SAPUCAI/SP
19:11:56 INFO [+443 | total 906] ✅  02302394000168 — STYLLO'S — JARAGUA/GO
19:11:56 INFO [+444 | total 907] ✅  07455230000194 — GRAFICA NOVA ALIANCA LTDA — SAO PAULO/SP
19:11:56 INFO [+445 | total 908] ✅  06866286000179 — MARIA AMELIA PORTO ABIJAUDE DOS SAN — ITAJUIPE/BA
19:11:56 INFO [+446 | total 909] ✅  39172723000103 — ELEICAO 2020 CHARLEI D AGUETTI VERE — LINDOIA DO SUL/SC
19:11:57 INFO [+447 | total 910] ✅  07913331000161 — RITA DE CACIA RECH DAGOSTIM — CRICIUMA/SC
19:11:57 INFO [+448 | total 911] ✅  05471370000120 — ALGI DESPACHOS E REPRESENTACOES LTD — MANAUS/AM
19:11:57 INFO [+449 | total 912] ✅  03755988000197 — UP GEN — BLUMENAU/SC
19:11:58 INFO [+450 | total 913] ✅  29841641000150 — TRES PRINCESAS COMERCIO IMPORTACAO  — PONTA GROSSA/PR
19:11:58 INFO     💾 Salvo — 913 total
19:11:58 INFO [+451 | total 914] ✅  29821426000198 — MARCIA APARECIDA DA SILVA 898561556 — BARRA DO PIRAI/RJ
19:11:58 INFO [+452 | total 915] ✅  13046091000148 — EDUALISON DA SILVA BRAGA 0976931745 — MESSIAS TARGINO/RN
19:11:58 INFO [+453 | total 916] ✅  07770703000148 — PHOENIX — LAGARTO/SE
19:11:59 INFO [+454 | total 917] ✅  01656774000138 — CENTRO DE FORMACAO DE CONDUTORES ON — CURITIBA/PR
19:11:59 INFO [+455 | total 918] ✅  10574524000140 — CLEONANCIOANJOS SOUZA LANCHES — SAO PAULO/SP
19:11:59 INFO [+456 | total 919] ✅  07207552000114 — CARAPEBUENSE TRANSPORTES — CARAPEBUS/RJ
19:11:59 INFO [+457 | total 920] ✅  02839537000175 — PEIXARIA SAVAGET LTDA — RIO DE JANEIRO/RJ
19:12:00 INFO [+458 | total 921] ✅  13649138000168 — ROBSON LAURO SILVA 04485058786 — RIO DE JANEIRO/RJ
19:12:01 INFO [+459 | total 922] ✅  05452311000105 — CONFIANCE AUDITORES INDEPENDENTES — SAO PAULO/SP
19:12:01 INFO [+460 | total 923] ✅  17295604000105 — ARTE LUCAS — RIO DE JANEIRO/RJ
19:12:01 INFO [+461 | total 924] ✅  12741908000135 — MARIA JOSINEUDE COSTA MACEDO DA SIL — ULIANOPOLIS/PA
19:12:22 INFO [+462 | total 925] ✅  02199579000199 — PISOSERVICE REPRESENTACOES LTDA — POUSO ALEGRE/MG
19:12:22 INFO [+463 | total 926] ✅  05069366000130 — LIMA,SERRANO & CIA SOCIEDADE SIMPLE — SAO ROQUE/SP
19:12:23 INFO [+464 | total 927] ✅  04570177000184 — ALCOPRADO EMPREENDIMENTOS — NOVA VICOSA/BA
19:12:23 INFO [+465 | total 928] ✅  07099475000126 — DAISSER EQUIPAMENTOS E SERVICOS LTD — PETROPOLIS/RJ
19:12:23 INFO [+466 | total 929] ✅  06713713000189 — OLIVEIRA & NOGUEIRA LTDA — TERESINA/PI
19:12:23 INFO [+467 | total 930] ✅  13819744000184 — LUIS CARLOS M. DE OLIVEIRA — NOVA RUSSAS/CE
19:12:44 INFO [+468 | total 931] ✅  16915216000117 — JULIANA SARAIVA DE OLIVEIRA 0690247 — ALEM PARAIBA/MG
19:12:44 INFO [+469 | total 932] ✅  07744206000175 — TROK — CABO DE SANTO AGOSTINHO/PE
19:12:45 INFO [+470 | total 933] ✅  02298814000180 — IZAK CHAVES VIEIRA - HORTIGRANJEIRO — VITORIA DE SANTO ANTAO/PE
19:12:45 INFO [+471 | total 934] ✅  01616908000197 — CLEONALDO DE ARAUJO NEVES — CAJAZEIRAS/PB
19:13:06 INFO [+472 | total 935] ✅  05712391000190 — TAILTU CO.LTD. — EXTERIOR/EX
19:13:06 INFO [+473 | total 936] ✅  23157250000135 — SILMARA ALEIXO — IACANGA/SP
19:13:06 INFO [+474 | total 937] ✅  12321825000197 — ADAO DIAS DE LIMA 22580246843 — ITAOCA/SP
19:13:07 INFO [+475 | total 938] ✅  05014825000189 — TO AUTOMOVEIS — VARGEM GRANDE PAULISTA/SP
19:13:07 INFO [+476 | total 939] ✅  11574835000171 — RODOFLEGLER — ICONHA/ES
19:13:07 INFO [+477 | total 940] ✅  01377370000105 — COMERCIAL DE ALIMENTOS 04 DE OUTUBR — JOAO PESSOA/PB
19:13:08 INFO [+478 | total 941] ✅  03467707000109 — KF — SAO PAULO/SP
19:13:08 INFO [+479 | total 942] ✅  08007535000104 — ADAIR TAVARES -ME — CURITIBA/PR
19:13:08 INFO [+480 | total 943] ✅  17867460000114 — JD AGRO — VARZEA GRANDE/MT
19:13:08 INFO [+481 | total 944] ✅  07044782000100 — KLAUBERG & SIMAO CORRETORA DE SEGUR — CURITIBA/PR
19:13:08 INFO [+482 | total 945] ✅  17418017000166 — CRISTIANE CALDEIRA ABREU 0977024970 — MACAE/RJ
19:13:08 INFO [+483 | total 946] ✅  45115006000142 — ESPEDITO RODRIGUES ROCHA 0330796860 — PIRACICABA/SP
19:13:09 INFO [+484 | total 947] ✅  07023881000105 — MERCEARIA MORALES & LADEIRA LTDA — BAURU/SP
19:13:09 INFO [+485 | total 948] ✅  07759003000152 — BALA & CIA — JUIZ DE FORA/MG
19:13:10 INFO [+486 | total 949] ✅  18679248000196 — MARCOS ANTONIO CALADO 09996625893 — MARILIA/SP
19:13:10 INFO [+487 | total 950] ✅  36853566000103 — GLEICE ALVES DOS SANTOS 03681368686 — PATOS DE MINAS/MG
19:13:10 INFO [+488 | total 951] ✅  07268336000189 — EXTREME ACTION — SAO PAULO/SP
19:13:10 INFO [+489 | total 952] ✅  17346287000109 — TIAGO VENTURA GOMES 30791194876 — GUARULHOS/SP
19:13:10 INFO [+490 | total 953] ✅  27053382000178 — GITANA'S — SAO PAULO/SP
19:13:11 INFO [+491 | total 954] ✅  03152553000158 — LAVACAR AVENIDA — CABREUVA/SP
19:13:11 INFO [+492 | total 955] ✅  08810147000159 — ARMARINHO FERNANDES — BRASILIA/DF
19:13:11 INFO [+493 | total 956] ✅  08829138000100 — STYLLUS PRESENTES — CONTAGEM/MG
19:13:12 INFO [+494 | total 957] ✅  13452587000111 — 13.452.587 MARCELO BENTO CORREIA — JUNDIAI/SP
19:13:12 INFO [+495 | total 958] ✅  04633094000197 — GRIPHUS BAR CAFE — RIO DE JANEIRO/RJ
19:13:12 INFO [+496 | total 959] ✅  20457658000134 — REGINA GOMES DA CONCEICAO 166232468 — SAO PAULO/SP
19:13:12 INFO [+497 | total 960] ✅  02207541000110 — S.O.E.DIAS BAZAR E MERCEARIA — RIO DE JANEIRO/RJ
19:13:13 INFO [+498 | total 961] ✅  05538060000186 — MERCEARIA SILVA — PIUM/TO
19:13:13 INFO [+499 | total 962] ✅  11048383000194 — REFORMASRODRIGUES — BRASILIA/DF
19:13:13 INFO [+500 | total 963] ✅  09407426000139 — LBM SERVICOS E DECORACOES — CAMPO GRANDE/MS
19:13:13 INFO     💾 Salvo — 963 total
19:13:13 INFO [+501 | total 964] ✅  08775871000199 — GEMT — RIO DE JANEIRO/RJ
19:13:14 INFO [+502 | total 965] ✅  21469296000164 — CONSTRUTORA II IRMAOS — CACADOR/SC
19:13:14 INFO [+503 | total 966] ✅  20044062000102 — ANA PAULA DE SOUZA SANTOS 129875556 — SAO JOAO NEPOMUCENO/MG
19:13:14 INFO [+504 | total 967] ✅  05092387000177 — SIGA LA VACA — VITORIA DA CONQUISTA/BA
19:13:14 INFO [+505 | total 968] ✅  09467060000193 — ABA SOLUCOES EM INFORMATICA — PALHOCA/SC
19:13:15 INFO [+506 | total 969] ✅  02212474000122 — SARA CONFECCOES — TEUTONIA/RS
19:13:15 INFO [+507 | total 970] ✅  19537369000166 — ZE DE FIITA SERVICOS EM GERAL — TEODORO SAMPAIO/BA
19:13:15 INFO [+508 | total 971] ✅  06827352000100 — ELEICOES 2004 - ROBERTINHO DA SILVA — AMATURA/AM
19:13:15 INFO [+509 | total 972] ✅  09734755000194 — ELEICAO 2008 SIRLEIA APARECIDA DE M — BARAUNA/RN
19:13:16 INFO [+510 | total 973] ✅  02302243000100 — LIVRARIA CASTALIA — ITABUNA/BA
19:13:16 INFO [+511 | total 974] ✅  14479417000193 — FLAVIA RODRIGUES DE SOUZA PELEGRIN — SAO PAULO/SP
19:13:16 INFO [+512 | total 975] ✅  02420795000112 — ELBER ROSSIM — SAO MATEUS/ES
19:13:17 INFO [+513 | total 976] ✅  02969976000100 — O BARATINHO — RIACHO DE SANTANA/BA
19:13:17 INFO [+514 | total 977] ✅  13115842000130 — GABRIELA REVESTIMENTOS — ATIBAIA/SP
19:13:17 INFO [+515 | total 978] ✅  14366001000169 — MARIA MADALENA RODRIGUES DA PAZ 610 — PAULISTA/PE
19:13:17 INFO [+516 | total 979] ✅  89890859000127 — ZAGO & CIA LTDA — FAXINAL DO SOTURNO/RS
19:13:17 INFO [+517 | total 980] ✅  21256641000181 — LEAO REPRESENTACOES — RECIFE/PE
19:13:18 INFO [+518 | total 981] ✅  06687033000138 — ELEICOES 2004 - ALEXANDRE NOGUEIRA  — PASSOS/MG
19:13:18 INFO [+519 | total 982] ✅  12657800000169 — DULCE HENRIQUES ALBERNAZ 9387122875 — VILA VELHA/ES
19:13:19 INFO [+520 | total 983] ✅  05009079000135 — OFICINA DO TONINHO — CATANDUVA/SP
19:13:19 INFO [+521 | total 984] ✅  13661398000159 — ALBERTINO MOREIRA DA SILVA 20715129 — BOM JESUS DA LAPA/BA
19:13:19 INFO [+522 | total 985] ✅  19383370000183 — PROMOPAO — SAO LUIS/MA
19:13:19 INFO [+523 | total 986] ✅  16050057000135 — ELEICAO 2012 LUCIANO JOSE BATISTA V — FORMIGA/MG
19:13:20 INFO [+524 | total 987] ✅  05361354000185 — COBEM — GAURAMA/RS
19:13:20 INFO [+525 | total 988] ✅  27073247000194 — ALTAIR BRAZ DE QUEIROZ 09732896191 — BRASILIA/DF
19:13:20 INFO [+526 | total 989] ✅  16577838000182 — AMELIA SINHORINI HURTADO E OUTROS — TABATINGA/SP
19:13:20 INFO [+527 | total 990] ✅  29966119000103 — 29.966.119 CLEANO SOUZA PIMENTA — MOSSORO/RN
19:13:20 INFO [+528 | total 991] ✅  45354690000115 — LOUANA APOIO ADMINISTRATIVO LTDA — SAO CARLOS/SP
19:13:21 INFO [+529 | total 992] ✅  01871721000130 — CONSELHO ESCOLAR DA ESCOLA JERUSALE — MARABA/PA
19:13:21 INFO [+530 | total 993] ✅  15355212000169 — RABI METAIS — BELO HORIZONTE/MG
19:13:21 INFO [+531 | total 994] ✅  03031018000149 — COMPANHIA DAS IDEIAS & OPINIOES LTD — COTIA/SP
19:13:21 INFO [+532 | total 995] ✅  13977897000150 — LIMA BRANDAO & CIA LTDA — FEIRA DE SANTANA/BA
19:13:22 INFO [+533 | total 996] ✅  13318503000151 — PALEBRAS — BRASILIA/DF
19:13:22 INFO [+534 | total 997] ✅  06020650000185 — LILIANE DE PAULA CINTRA — CLARAVAL/MG
19:13:22 INFO [+535 | total 998] ✅  08814872000103 — B J AUTOPECAS — MOSSORO/RN
19:13:23 INFO [+536 | total 999] ✅  01685862000168 — RENASCER — SAO PAULO/SP
19:13:23 INFO [+537 | total 1000] ✅  05654073000110 — HL PROMOCES E EVENTOS — CAMPINA GRANDE/PB
19:13:23 INFO [+538 | total 1001] ✅  11594268000115 — ALINEMA — SAO PAULO/SP
19:13:23 INFO [+539 | total 1002] ✅  05559401000108 — INDUSTRIA E COMERCIO DE MADEIRAS MI — CANDEIAS DO JAMARI/RO
19:13:24 INFO [+540 | total 1003] ✅  12845174000134 — PAULO CESAR DA SILVA 07185543703 — PIUMA/ES
19:13:24 INFO [+541 | total 1004] ✅  07771591000140 — LANCHERIA PONTO X — TRES PASSOS/RS
19:13:24 INFO [+542 | total 1005] ✅  04908813000135 — CALCULARE ECONOMISTAS ASSOCIADOS SO — PORTO ALEGRE/RS
19:13:24 INFO [+543 | total 1006] ✅  13564820000158 — MOURAO MOVEIS — BRASILIA/DF
19:13:24 INFO [+544 | total 1007] ✅  01648228000155 — PROCAMPINAS — CAMPINAS/SP
19:13:25 INFO [+545 | total 1008] ✅  05476729000152 — CHIAVEGATTI AUTOMOVEIS — NOVO HAMBURGO/RS
19:13:25 INFO [+546 | total 1009] ✅  02458221000133 — MERCADINHO BARROS — SOROCABA/SP
19:13:25 INFO [+547 | total 1010] ✅  13379790000100 — R L PADUA — NITEROI/RJ
19:13:26 INFO [+548 | total 1011] ✅  09949067000141 — ELEICAO 2008 JESUS ANDRE TORRES VIC — NOVA LUZITANIA/SP
19:13:26 INFO [+549 | total 1012] ✅  54422756000158 — 54.422.756 THAIS APARECIDA DE ANDRA — SAO PAULO/SP
19:13:46 INFO [+550 | total 1013] ✅  09961659000189 — ELEICAO 2008 SERVANY VIEIRA DE JESU — CUBATAO/SP
19:13:46 INFO     💾 Salvo — 1013 total
19:13:47 INFO [+551 | total 1014] ✅  13497162000129 — JOSICLEIDE JORGE GONCALVES DA SILVA — PIRPIRITUBA/PB
19:13:47 INFO [+552 | total 1015] ✅  06466901000150 — ELEICOES 2004 - MANOEL DINIZ LIMA - — SAO JOSE DO BONFIM/PB
19:13:47 INFO [+553 | total 1016] ✅  14114898000133 — LEONIDAS — BRASILIA/DF
19:14:08 INFO [+554 | total 1017] ✅  02704883000146 — VIIA CONDOTI CORRETORA DE SEGUROS D — PORTO ALEGRE/RS
19:14:08 INFO [+555 | total 1018] ✅  11095510000106 — T BATISTA COMERCIO — BACABAL/MA
19:14:08 INFO [+556 | total 1019] ✅  21087336000103 — ADRIANA DE PAULA LOPES 65099265200 — BELEM/PA
19:14:09 INFO [+557 | total 1020] ✅  05956213000105 — SONHO MEU COLCHOES — FOZ DO IGUACU/PR
19:14:09 INFO [+558 | total 1021] ✅  05682487000153 — BTA AUTO PECAS — DUQUE DE CAXIAS/RJ
19:14:09 INFO [+559 | total 1022] ✅  10182855000134 — FRANCISCO DE ASSIS FEITOSA — OURICURI/PE
19:14:10 INFO [+560 | total 1023] ✅  12143991000140 — ELIANE ALVES FEITOZA DA SILVA 01497 — MAGE/RJ
19:14:10 INFO [+561 | total 1024] ✅  02168811000121 — BALAO MAGICO — CHAPECO/SC
19:14:10 INFO [+562 | total 1025] ✅  12338089000180 — LIVIA COSMETICOS — GALIA/SP
19:14:11 INFO [+563 | total 1026] ✅  07090581000149 — KAROL MAGAZINE SHOPPING DO POVO — OURICURI/PE
19:14:11 INFO [+564 | total 1027] ✅  20499203000181 — ROMULO ALVES DA SILVA 41574046888 — SAO PAULO/SP
19:14:11 INFO [+565 | total 1028] ✅  06707706000174 — ELEICOES 2004 - SEVERINO RIBEIRO DA — LIMEIRA/SP
19:14:11 INFO [+566 | total 1029] ✅  05147017000190 — CONSULT - INSPECOES E SERVICOS DE S — SANTOS/SP
19:14:11 INFO [+567 | total 1030] ✅  14625089000196 — ELISANGELA CONSOLACAO DOS PRASERES  — CAETE/MG
19:14:12 INFO [+568 | total 1031] ✅  27446955000123 — FERNANDO ROMERO 29382583807 — SAO PAULO/SP
19:14:12 INFO [+569 | total 1032] ✅  03993674000122 — TRANSPORTE COMERCIO E REPRESENTACOE — ANANINDEUA/PA
19:14:12 INFO [+570 | total 1033] ✅  07048036000194 — CIPEL COMERCIO E INDUSTRIA DE PREMO — SAO LUIS/MA
19:14:12 INFO [+571 | total 1034] ✅  20912464000181 — JOSE ROBERTO AMORIM DE SOUZA — JANUARIA/MG
19:14:13 INFO [+572 | total 1035] ✅  48691343000176 — PONTOCON CORRETORA DE SEGUROS — MOGI DAS CRUZES/SP
19:14:13 INFO [+573 | total 1036] ✅  29029050000183 — 29.029.050 LEIDE CLEA DE SOUZA BARB — SAO PAULO/SP
19:14:13 INFO [+574 | total 1037] ✅  17303714000171 — MOKED - SERVICOS DE APOIO OPERACION — BARUERI/SP
19:14:14 INFO [+575 | total 1038] ✅  16362653000150 — ELEICAO 2012 CELINA APARECIDA SALLA — CHARQUEADA/SP
19:14:14 INFO [+576 | total 1039] ✅  05384291000182 — REAL BRASIL CORRETORA DE SEGUROS — GOIANIA/GO
19:14:14 INFO [+577 | total 1040] ✅  18023916000122 — RAFAEL SCHMITZ INFORMATICA LTDA — BOM PRINCIPIO/RS
19:14:14 INFO [+578 | total 1041] ✅  19625666000163 — ADANUBIA ROSA DA SILVA SANTOS 03826 — BRASILIA/DF
19:14:15 INFO [+579 | total 1042] ✅  15168552000180 — CASA CYPRIANO — SALVADOR/BA
19:14:15 INFO [+580 | total 1043] ✅  07487733000141 — GIAGIO SOLUTIONS — RIO DE JANEIRO/RJ
19:14:15 INFO [+581 | total 1044] ✅  03421200000106 — APPRUSAM — ARICANDUVA/MG
19:14:15 INFO [+582 | total 1045] ✅  07596798000125 — ACADEMIA INTERACAO — VOTORANTIM/SP
19:14:16 INFO [+583 | total 1046] ✅  02604735000150 — VILLA'S CAFFE — SANTOS/SP
19:14:17 INFO [+584 | total 1047] ✅  08254854000106 — EDUARDO CAETANO DIAS — SAO PAULO/SP
19:14:17 INFO [+585 | total 1048] ✅  11461365000130 — VALDEREDO GOIS LATICINIOS — GARANHUNS/PE
19:14:17 INFO [+586 | total 1049] ✅  89782908000108 — VALTER B DE GODOY — VACARIA/RS
19:14:17 INFO [+587 | total 1050] ✅  05061263000124 — ALUMIVIDRO — SAO LUIS/MA
19:14:17 INFO [+588 | total 1051] ✅  24971228000197 — SACOLAO — CUIABA/MT
19:14:17 INFO [+589 | total 1052] ✅  21732491000135 — 21.732.491 ELIANA APARECIDA DA SILV — BELO HORIZONTE/MG
19:14:18 INFO [+590 | total 1053] ✅  11561838000170 — VALVES - ADMINISTRACAO DE BENS E AS — SAO PAULO/SP
19:14:18 INFO [+591 | total 1054] ✅  09716565000144 — ELEICAO 2008 IZAEL BISPO DOS SANTOS — BARRA DO MENDES/BA
19:14:18 INFO [+592 | total 1055] ✅  12011358000107 — DUARTES COMERCIO DE MOVEIS LTDA — CONCORDIA/SC
19:14:18 INFO [+593 | total 1056] ✅  08140982000129 — NATURARTE SERVICOS DE PRODUCAO CINE — SAO PAULO/SP
19:14:18 INFO [+594 | total 1057] ✅  11434998000159 — TRANSPORTE GOMES COSTA — JUIZ DE FORA/MG
19:14:20 INFO [+595 | total 1058] ✅  17256181000114 — OTICA MONTANHESA LTDA — BELO HORIZONTE/MG
19:14:20 INFO [+596 | total 1059] ✅  11643239000104 — BAR E MERCEARIA FIGUEIREDO — NANUQUE/MG
19:14:20 INFO [+597 | total 1060] ✅  04906730000107 — CAPPUCCI CORRETORA DE SEGUROS S/S L — SAO PAULO/SP
19:14:20 INFO [+598 | total 1061] ✅  13527266000139 — GEISA DE MEIRELES PESSANHA 14185615 — RIO DE JANEIRO/RJ
19:14:20 INFO [+599 | total 1062] ✅  15556015000108 — CAMOBI VEICULOS — SANTA MARIA/RS
19:14:20 INFO [+600 | total 1063] ✅  02730483000105 — MODAS ENCLAIN — SAO PAULO/SP
19:14:20 INFO     💾 Salvo — 1063 total
19:14:41 INFO [+601 | total 1064] ✅  21330348000117 — 21.330.348 EZEQUIEL GOMES FERRAZ — VITORIA DE SANTO ANTAO/PE
19:14:41 INFO [+602 | total 1065] ✅  04405363000168 — JI COMERCIO VAREJISTA — JOAO PESSOA/PB
19:14:42 INFO [+603 | total 1066] ✅  06199274000138 — ASES - ASSOCIACAO SOLIDARIA ESPORTI — SANTA BARBARA D'OESTE/SP
19:14:42 INFO [+604 | total 1067] ✅  06321083000105 — JC GOMES REPRESENTACOES COMERCIAIS  — RIO BONITO/RJ
19:14:42 INFO [+605 | total 1068] ✅  10187031000157 — ELEICAO 2008 CLARIMUNDO CAMPOS PINT — CIDADE OCIDENTAL/GO
19:15:03 INFO [+606 | total 1069] ✅  06142355000100 — P.B. 690 COMERCIO E SERVICOS LTDA — RIO DE JANEIRO/RJ
19:15:03 INFO [+607 | total 1070] ✅  05721854000180 — HILTI CARIBE INC. — EXTERIOR/EX
19:15:04 INFO [+608 | total 1071] ✅  06871234000190 — MADEJUPE COMERCIO DE MATERIAIS ELET — SAO GONCALO/RJ
19:15:04 INFO [+609 | total 1072] ✅  06084926000199 — REGIANE BARBOSA DA SILVA — SANTOS/SP
19:15:04 INFO [+610 | total 1073] ✅  03388815000188 — MERCEARIA SOARES — SAO PAULO/SP
19:15:04 INFO [+611 | total 1074] ✅  06369882000143 — PC DO B — IUIU/BA
19:15:25 INFO [+612 | total 1075] ✅  45244255000138 — DILCEU ALFONSO ESCOBAR 76497194134 — CARACOL/MS
19:15:25 INFO [+613 | total 1076] ✅  06836068000191 — COMERCIAL SAO JUDAS TADEU — MIGUEL ALVES/PI
19:15:25 INFO [+614 | total 1077] ✅  19584134000125 — ANDERSAT — PARANACITY/PR
19:15:26 INFO [+615 | total 1078] ✅  01540479000111 — V.G.P.METALURGICA — ARARANGUA/SC
19:15:26 INFO [+616 | total 1079] ✅  05500140000142 — COMA BEM — VENANCIO AIRES/RS
19:15:26 INFO [+617 | total 1080] ✅  06092009000156 — POUSADA CALAMBAU LTDA — MAR DE ESPANHA/MG
19:15:27 INFO [+618 | total 1081] ✅  01725243000150 — J R MISSALI PIGNATARI — BRAGANCA PAULISTA/SP
19:15:27 INFO [+619 | total 1082] ✅  03811959000103 — SALVANY MATERIAIS ELETRICOS E HIDRA — SANTA CRUZ DO CAPIBARIBE/PE
19:15:27 INFO [+620 | total 1083] ✅  20401861000199 — VARANDA GOURMET — FORTALEZA/CE
19:15:27 INFO [+621 | total 1084] ✅  12452852000107 — KICHARME — RONDONOPOLIS/MT
19:15:27 INFO [+622 | total 1085] ✅  25489672000133 — ELEICAO 2016 ADRIANA DE ARAUJO MACE — JUNCO DO SERIDO/PB
19:15:28 INFO [+623 | total 1086] ✅  13365936000168 — SOUZA CONSTRUCOES — SAO PAULO/SP
19:15:28 INFO [+624 | total 1087] ✅  07841972000158 — KELLY FERNANDA DE SOUZA DA SILVA AL — VILA VALERIO/ES
19:15:29 INFO [+625 | total 1088] ✅  17458133000109 — JOSE ALANILDO ALEXANDRE DE ANDRADE  — QUIXADA/CE
19:15:29 INFO [+626 | total 1089] ✅  14141085000132 — CAROLINA RODRIGUES COIMBRA 14216974 — JAPERI/RJ
19:15:29 INFO [+627 | total 1090] ✅  10416431000197 — INFOVISION — SALVADOR/BA
19:15:29 INFO [+628 | total 1091] ✅  05681399000137 — W W W IRMAOS & RACOES LTDA — RIO DE JANEIRO/RJ
19:15:30 INFO [+629 | total 1092] ✅  12235305000161 — ARMARINHO CENTRAL — URUBURETAMA/CE
19:15:30 INFO [+630 | total 1093] ✅  19593730000171 — MERCEARIA J G LTDA — BELO HORIZONTE/MG
19:15:30 INFO [+631 | total 1094] ✅  01099500000195 — R B M SERVICOS AUXILIARES DE TRANSP — CARAVELAS/BA
19:15:31 INFO [+632 | total 1095] ✅  14400621000177 — MARIA SEBASTIANA DA SILVEIRA — ESTANCIA VELHA/RS
19:15:31 INFO [+633 | total 1096] ✅  15230354000108 — CLAUDILENE RUFINO DA SILVA 03567827 — CARUARU/PE
19:15:31 INFO [+634 | total 1097] ✅  05058456000126 — CAMAFEU ARTESANATO — OLINDA/PE
19:15:32 INFO [+635 | total 1098] ✅  01345038000169 — ROCAMI COMERCIO DE ALIMENTOS LTDA — RIO DE JANEIRO/RJ
19:15:32 INFO [+636 | total 1099] ✅  10732219000139 — ENCONTRO DOS AMIGOS — SALVADOR/BA
19:15:32 INFO [+637 | total 1100] ✅  85075760000110 — CONDOMINIO EDIFICIO SANTA MARIA — CURITIBA/PR
19:15:32 INFO [+638 | total 1101] ✅  10287765000108 — ELEICAO 2008 GILBERTO SOUZA DA CONC — MUCURI/BA
19:15:32 INFO [+639 | total 1102] ✅  20109743000101 — SAMI MODAS — BRASILIA/DF
19:15:33 INFO [+640 | total 1103] ✅  04828390000143 — BONAPARTE — JOAO PESSOA/PB
19:15:33 INFO [+641 | total 1104] ✅  09855780000126 — ELEICAO 2008 ALMIRO ALVES DE OLIVEI — DIVISA ALEGRE/MG
19:15:33 INFO [+642 | total 1105] ✅  13859773000170 — ALZIRA JUSTEN 03929422913 — AGUAS MORNAS/SC
19:15:33 INFO [+643 | total 1106] ✅  06471068000135 — ELEICOES 2004 - RUBENS FRANK ROCHA  — MANAUS/AM
19:15:33 INFO [+644 | total 1107] ✅  12924084000139 — LEONARDO DA SILVA BARBOSA 016906373 — ITAPAJE/CE
19:15:34 INFO [+645 | total 1108] ✅  07482155000150 — DOROTEA CEDENHO DELAZARI — SAO JOSE DO RIO PRETO/SP
19:15:34 INFO [+646 | total 1109] ✅  07871780000194 — BORRACHARIA CENTER CAR — SOROCABA/SP
19:15:34 INFO [+647 | total 1110] ✅  07243329000122 — BOMBONS & CIA — QUEIMADAS/PB
19:15:34 INFO [+648 | total 1111] ✅  20262209000130 — 20.262.209 ZULEIDE CARVALHO — PRIMAVERA DO LESTE/MT
19:15:34 INFO [+649 | total 1112] ✅  43331321000181 — NUCLEO RECREATIVO BAMBOLE S/C LTDA — DIADEMA/SP
19:15:35 INFO [+650 | total 1113] ✅  11018498000136 — LITORAL PESCADOS — SAO PAULO/SP
19:15:35 INFO     💾 Salvo — 1113 total
19:15:35 INFO [+651 | total 1114] ✅  16117640000116 — GREMIO DA BAHIAFARMA — SIMOES FILHO/BA
19:15:36 INFO [+652 | total 1115] ✅  02585162000164 — LANCHONETE BETEL — CONTAGEM/MG
19:15:36 INFO [+653 | total 1116] ✅  09079214000170 — VIVO FELIZ - ACCI — SIMOES FILHO/BA
19:15:57 INFO [+654 | total 1117] ✅  08525680000179 — JOAO ROBERTO RODRIGUES E OUTRO — JOSE BONIFACIO/SP
19:15:57 INFO [+655 | total 1118] ✅  11880089000144 — 11.880.089 MARIZA SCHLUCHTING — DOURADOS/MS
19:15:57 INFO [+656 | total 1119] ✅  17579302000169 — MILU DOCERIA — RIBEIRAO PRETO/SP
19:15:57 INFO [+657 | total 1120] ✅  07700715000104 — PERLAR CARGA E DESCARGA LTDA. - ME — PEREIRAS/SP
19:15:57 INFO [+658 | total 1121] ✅  07139655000194 — OPEN PARKING ESTACIONAMENTOS DE VEI — CAMPINAS/SP
19:16:18 INFO [+659 | total 1122] ✅  21189448000175 — MARIA DE LOURDES DOS SANTOS REIS VE — MIRANTE DO PARANAPANEMA/SP
19:16:18 INFO [+660 | total 1123] ✅  05463264000103 — RM - COMERCIO E REPRESENTACOES — CARIACICA/ES
19:16:18 INFO [+661 | total 1124] ✅  07909807000190 — MIRO REPRESENTACOES — MARABA/PA
19:16:19 INFO [+662 | total 1125] ✅  27797220000144 — L C ASSESSORIA EMPRESARIAL — NATAL/RN
19:16:19 INFO [+663 | total 1126] ✅  03997033000146 — BELALUA — MARINGA/PR
19:16:19 INFO [+664 | total 1127] ✅  01263502000178 — MERCADINHO SAO FRANCISCO — BATURITE/CE
19:16:40 INFO [+665 | total 1128] ✅  06713418000122 — ELEICOES 2004 - TRANQUILO TONIN - V — ANTONIO PRADO/RS
19:16:41 INFO [+666 | total 1129] ✅  07653396000115 — SINTONIA MODAS — PATO BRANCO/PR
19:16:41 INFO [+667 | total 1130] ✅  07988717000132 — ALDA DE OLIVEIRA FRANCO — JABORANDI/SP
19:16:41 INFO [+668 | total 1131] ✅  05487381000107 — ZAQUEU RIBEIRO DO NASCIMENTO BAR — MAUA/SP
19:16:41 INFO [+669 | total 1132] ✅  17704663000190 — JCB TRANSPORTES — POUSO ALEGRE/MG
19:16:42 INFO [+670 | total 1133] ✅  02719670000198 — MERCEARIA RESPLENDOR — OLINDA/PE
19:16:42 INFO [+671 | total 1134] ✅  02245975000105 — ESTACIONAMENTO 7 — GOIANIA/GO
19:16:42 INFO [+672 | total 1135] ✅  61642668000127 — 61.642.668 VICTORIA EMANUELE ROCHA  — NOVA IGUACU/RJ
19:16:42 INFO [+673 | total 1136] ✅  08180894000150 — ELIZANGELA APARECIDA DE OLIVEIRA E  — IBIUNA/SP
19:16:43 INFO [+674 | total 1137] ✅  07199416000120 — VIXPEL COMERCIO DE EMBALAGENS — CACHOEIRO DE ITAPEMIRIM/ES
19:16:43 INFO [+675 | total 1138] ✅  06394734000189 — ELEICOES 2004 - JORGE BUCHAIM - VER — CANDIDO MOTA/SP
19:16:44 INFO [+676 | total 1139] ✅  08883799000113 — BAR DA ESQUINA — CACADOR/SC
19:16:44 INFO [+677 | total 1140] ✅  03211970000124 — NEUSA DE OLIVEIRA MACHADO PECAS — RIBEIRAO PRETO/SP
19:16:44 INFO [+678 | total 1141] ✅  16371852000125 — ARLETE POVOA 05616905100 — GOIANIA/GO
19:16:44 INFO [+679 | total 1142] ✅  06783069000115 — ELEICOES 2004 CF - OURO VERDE DO OE — OURO VERDE DO OESTE/PR
19:16:44 INFO [+680 | total 1143] ✅  28101883000145 — LUIZ GUILHERME PUERTAS PRATES PUBIL — SAO CAETANO DO SUL/SP
19:16:45 INFO [+681 | total 1144] ✅  07070771000102 — ND SERVICOS — TAILANDIA/PA
19:16:45 INFO [+682 | total 1145] ✅  02768885000107 — REAL CALCADOS — SANTA HELENA DE GOIAS/GO
19:17:06 INFO [+683 | total 1146] ✅  05324326000198 — GASPER PNEUS E RODAS — SAO LOURENCO/MG
19:17:06 INFO [+684 | total 1147] ✅  07784489000189 — ASSOCIACAO DOS AGENTES SOCIOS ORIEN — BOA VISTA/RR
19:17:06 INFO [+685 | total 1148] ✅  07431806000183 — MACEIO CAMINHOES — MACEIO/AL
19:17:06 INFO [+686 | total 1149] ✅  12787952000186 — JOSIMARIA DOS SANTOS 26097445873 — SAO PAULO/SP
19:17:07 INFO [+687 | total 1150] ✅  10437874000164 — LAVAGEM E CIA — CAPELA/SE
19:17:28 INFO [+688 | total 1151] ✅  19753858000155 — JOAO E MARIA — TURMALINA/MG
19:17:28 INFO [+689 | total 1152] ✅  13257359000190 — PAX SANTANA ABAETE — ABAETE/MG
19:17:28 INFO [+690 | total 1153] ✅  03780892000189 — ASSOCIACAO DOS PEQUENOS PRODUTORES  — CABACEIRAS/PB
19:17:28 INFO [+691 | total 1154] ✅  12961591000142 — LUCIANO DO NASCIMENTO LIMA 68388977 — CARIDADE DO PIAUI/PI
19:17:29 INFO [+692 | total 1155] ✅  09514957000120 — SERGIO ALVES MAGALHAES — MONTEIRO LOBATO/SP
19:17:50 INFO [+693 | total 1156] ✅  12361692000182 — COMERCIAL BERG — PARANAGUA/PR
19:17:50 INFO [+694 | total 1157] ✅  12533677000174 — LUCIANO MARTINS GOMES 08014860764 — NOVA IGUACU/RJ
19:17:50 INFO [+695 | total 1158] ✅  11865944000148 — FATIMA SEBASTIANA RODRIGUES DA ROCH — JI-PARANA/RO
19:17:50 INFO [+696 | total 1159] ✅  04173176000104 — EMPORIO VILA COMERCIAL DE PRESENTES — SAO PAULO/SP
19:17:51 INFO [+697 | total 1160] ✅  20357381000178 — ELEICAO SUPLEMENTAR FRANCISCA EDNAL — IPANGUACU/RN
19:17:51 INFO [+698 | total 1161] ✅  05964219000124 — PINGUIN ESTAMPAS — BIGUACU/SC
19:17:52 INFO [+699 | total 1162] ✅  21519886000154 — T&J SERVICOS EM GERAL — SAO JOAO BATISTA DO GLORIA/MG
19:17:52 INFO [+700 | total 1163] ✅  14524578000151 — VALQUIRIA ALVES AMANCIO 81195290578 — SALVADOR/BA
19:17:52 INFO     💾 Salvo — 1163 total
19:17:52 INFO [+701 | total 1164] ✅  06341913000158 — UNID EXEC DOMINGOS APOLONIO DE S NO — CORRENTE/PI
19:17:52 INFO [+702 | total 1165] ✅  10828748000130 — DESLUMBRANTE MODA FEMININA — BARCARENA/PA
19:17:53 INFO [+703 | total 1166] ✅  11725557000106 — 11.725.557 GLEDSON JOSE BATISTA FER — MANAUS/AM
19:17:53 INFO [+704 | total 1167] ✅  06397793000100 — ELEICOES 2004 - EDMILSON FERREIRA L — MOREILANDIA/PE
19:17:53 INFO [+705 | total 1168] ✅  05343183000161 — MAUA POINT COMESTIVEIS LTDA — MAUA/SP
19:17:53 INFO [+706 | total 1169] ✅  18603519000120 — 18.603.519 MARLI TEREZINHA ALVES DO — CORONEL FREITAS/SC
19:17:53 INFO [+707 | total 1170] ✅  08836599000100 — POUSADA BARRA BONITA — BARRA DE SAO MIGUEL/AL
19:17:54 INFO [+708 | total 1171] ✅  09266983000187 — TEMPERO MANERO — PRAIA GRANDE/SP
19:17:54 INFO [+709 | total 1172] ✅  01894938000165 — ELETRONICA NOVA ERA — SANTOS/SP
19:17:54 INFO [+710 | total 1173] ✅  20092499000111 — MARIA GENESI DOS SANTOS 21314373153 — CERES/GO
19:17:55 INFO [+711 | total 1174] ✅  01235650000189 — EIXO EMPREENDIMENTOS E CONSTRUCAO — JOAO PESSOA/PB
19:17:55 INFO [+712 | total 1175] ✅  62225696000101 — 62.225.696 SILVONEY DONIZETE REZEND — SAO PAULO/SP
19:17:55 INFO [+713 | total 1176] ✅  02332541000142 — ALVO VIAGENS E TURISMO LTDA — BELO HORIZONTE/MG
19:17:55 INFO [+714 | total 1177] ✅  01115386000140 — IMPRI 1000 GRAFICA LTDA — NOVA IGUACU/RJ
19:17:56 INFO [+715 | total 1178] ✅  16875777000130 — T.B. DA CONCEICAO CORRETAGEM DE SEG — MOGI GUACU/SP
19:17:56 INFO [+716 | total 1179] ✅  13098146000163 — QUASE TUDO PRA VOCE — VESPASIANO/MG
19:17:56 INFO [+717 | total 1180] ✅  15891332000180 — ELEICAO 2012 LUIZ CARLOS OLIVEIRA D — CARAA/RS
19:17:56 INFO [+718 | total 1181] ✅  35683622000146 — PRECON PRE MOLDADOS DE CONCRETO LIM — RECIFE/PE
19:17:57 INFO [+719 | total 1182] ✅  20776119000168 — FREITAS REIS — RIO DE JANEIRO/RJ
19:17:57 INFO [+720 | total 1183] ✅  02031067000119 — ADVOCACIA ELIAS FARAH ADVOGADOS ASS — SAO PAULO/SP
